<?xml version="1.0" encoding="UTF-8"?>
<robot generator="Robot 6.1.1 (Python 3.11.4 on win32)" generated="20231114 17:55:20.587" rpa="false" schemaversion="4">
<suite id="s1" name="Internal Account" source="d:\For checking automation test\test\test\testcases\internal_account.robot">
<test id="s1-t1" name="IA_41 Verify the ability of showing password when in the &quot;Xác nhận mật khẩu&quot; field" line="498">
<kw name="Setup" library="common" type="SETUP">
<kw name="Set Browser Timeout" library="Browser">
<arg>${BROWSER_TIMEOUT}</arg>
<tag>Config</tag>
<tag>Setter</tag>
<doc>Sets the timeout used by most input and getter keywords.</doc>
<status status="PASS" starttime="20231114 17:55:23.190" endtime="20231114 17:55:23.191"/>
</kw>
<kw name="New Browser" library="Browser">
<arg>${BROWSER}</arg>
<arg>headless=${HEADLESS}</arg>
<tag>BrowserControl</tag>
<tag>Setter</tag>
<doc>Create a new playwright Browser with specified options.</doc>
<msg timestamp="20231114 17:55:23.194" level="INFO">{"browser": "chromium", "headless": false, "chromiumSandbox": false, "devtools": false, "handleSIGHUP": true, "handleSIGINT": true, "handleSIGTERM": true, "slowMo": 0.0, "timeout": 30000.0, "tracesDir": "D:\\For checking automation test\\test\\test\\browser\\traces\\42964c26-acfe-4727-888d-7e4ad1f75e6a"}</msg>
<msg timestamp="20231114 17:55:24.365" level="INFO">Successfully created browser with options: {"browser":"chromium","headless":false,"chromiumSandbox":false,"devtools":false,"handleSIGHUP":true,"handleSIGINT":true,"handleSIGTERM":true,"slowMo":0,"timeout":30000,"tracesDir":"D:\\For checking automation test\\test\\test\\browser\\traces\\42964c26-acfe-4727-888d-7e4ad1f75e6a"}</msg>
<status status="PASS" starttime="20231114 17:55:23.192" endtime="20231114 17:55:24.366"/>
</kw>
<kw name="New Page" library="Browser">
<arg>${URL_DEFAULT}</arg>
<tag>BrowserControl</tag>
<tag>Setter</tag>
<doc>Open a new Page.</doc>
<msg timestamp="20231114 17:55:27.418" level="INFO">Successfully initialized new page object and opened url: http://dev1.geneat.vn:7802/vn</msg>
<msg timestamp="20231114 17:55:27.419" level="INFO">No context was open. New context was automatically opened when this page is created.</msg>
<status status="PASS" starttime="20231114 17:55:24.367" endtime="20231114 17:55:27.420"/>
</kw>
<kw name="Evaluate" library="BuiltIn">
<var>${STATE}</var>
<arg>json.loads('''{}''')</arg>
<arg>json</arg>
<doc>Evaluates the given expression in Python and returns the result.</doc>
<msg timestamp="20231114 17:55:27.423" level="INFO">${STATE} = {}</msg>
<status status="PASS" starttime="20231114 17:55:27.421" endtime="20231114 17:55:27.423"/>
</kw>
<status status="PASS" starttime="20231114 17:55:23.188" endtime="20231114 17:55:27.424"/>
</kw>
<kw name="Create a test account with &quot;Kế toán&quot; type" sourcename="Create a test account with &quot;${type}&quot; type">
<kw name="Run Keyword And Return Status" library="BuiltIn">
<var>${condition}</var>
<arg>Confirm locating exactly in "Tài khoản nội bộ" page</arg>
<doc>Runs the given keyword with given arguments and returns the status as a Boolean value.</doc>
<kw name="Confirm locating exactly in &quot;Tài khoản nội bộ&quot; page">
<msg timestamp="20231114 17:55:27.480" level="FAIL">No keyword with name 'Confirm locating exactly in "Tài khoản nội bộ" page' found.</msg>
<status status="FAIL" starttime="20231114 17:55:27.479" endtime="20231114 17:55:27.480"/>
</kw>
<msg timestamp="20231114 17:55:27.481" level="INFO">${condition} = False</msg>
<status status="PASS" starttime="20231114 17:55:27.458" endtime="20231114 17:55:27.481"/>
</kw>
<if>
<branch type="IF" condition="'${condition}' == 'True'">
<kw name="Click &quot;Tạo mới&quot; button" library="common" sourcename="Click &quot;${text}&quot; button">
<status status="NOT RUN" starttime="20231114 17:55:27.495" endtime="20231114 17:55:27.496"/>
</kw>
<status status="NOT RUN" starttime="20231114 17:55:27.482" endtime="20231114 17:55:27.497"/>
</branch>
<branch type="ELSE">
<kw name="Go to page create account &quot;Tài khoản Nội bộ&quot; with &quot;/internal-account&quot;" sourcename="Go to page create account &quot;${name}&quot; with &quot;${url}&quot;">
<kw name="Login to admin" library="common">
<kw name="Enter &quot;email&quot; in &quot;Email&quot; with &quot;admin@gmail.com&quot;" library="common" sourcename="Enter &quot;${type}&quot; in &quot;${name}&quot; with &quot;${text}&quot;">
<kw name="Get Random Text" library="common">
<var>${text}</var>
<arg>${type}</arg>
<arg>${text}</arg>
<kw name="Set Variable" library="BuiltIn">
<var>${symbol}</var>
<arg>_RANDOM_</arg>
<doc>Returns the given values which can then be assigned to a variables.</doc>
<msg timestamp="20231114 17:55:27.552" level="INFO">${symbol} = _RANDOM_</msg>
<status status="PASS" starttime="20231114 17:55:27.544" endtime="20231114 17:55:27.553"/>
</kw>
<kw name="Set Variable" library="BuiltIn">
<var>${new_text}</var>
<doc>Returns the given values which can then be assigned to a variables.</doc>
<msg timestamp="20231114 17:55:27.558" level="INFO">${new_text} = </msg>
<status status="PASS" starttime="20231114 17:55:27.557" endtime="20231114 17:55:27.559"/>
</kw>
<kw name="Get Regexp Matches" library="String">
<var>${containsS}</var>
<arg>${text}</arg>
<arg>_@(.+)@_</arg>
<arg>1</arg>
<doc>Returns a list of all non-overlapping matches in the given string.</doc>
<msg timestamp="20231114 17:55:27.563" level="INFO">${containsS} = []</msg>
<status status="PASS" starttime="20231114 17:55:27.561" endtime="20231114 17:55:27.564"/>
</kw>
<kw name="Get Length" library="BuiltIn">
<var>${cntS}</var>
<arg>${containsS}</arg>
<doc>Returns and logs the length of the given item as an integer.</doc>
<msg timestamp="20231114 17:55:27.567" level="INFO">Length is 0</msg>
<msg timestamp="20231114 17:55:27.567" level="INFO">${cntS} = 0</msg>
<status status="PASS" starttime="20231114 17:55:27.565" endtime="20231114 17:55:27.567"/>
</kw>
<kw name="Get Regexp Matches" library="String">
<var>${contains}</var>
<arg>${text}</arg>
<arg>${symbol}</arg>
<doc>Returns a list of all non-overlapping matches in the given string.</doc>
<msg timestamp="20231114 17:55:27.571" level="INFO">${contains} = []</msg>
<status status="PASS" starttime="20231114 17:55:27.568" endtime="20231114 17:55:27.573"/>
</kw>
<kw name="Get Length" library="BuiltIn">
<var>${cnt}</var>
<arg>${contains}</arg>
<doc>Returns and logs the length of the given item as an integer.</doc>
<msg timestamp="20231114 17:55:27.574" level="INFO">Length is 0</msg>
<msg timestamp="20231114 17:55:27.575" level="INFO">${cnt} = 0</msg>
<status status="PASS" starttime="20231114 17:55:27.574" endtime="20231114 17:55:27.575"/>
</kw>
<if>
<branch type="IF" condition="${cntS} &gt; 0">
<kw name="Set Variable" library="BuiltIn">
<var>${new_text}</var>
<arg>${STATE["${containsS[0]}"]}</arg>
<doc>Returns the given values which can then be assigned to a variables.</doc>
<status status="NOT RUN" starttime="20231114 17:55:27.577" endtime="20231114 17:55:27.578"/>
</kw>
<kw name="Set Variable" library="BuiltIn">
<var>${symbol}</var>
<arg>_@${containsS[0]}@_</arg>
<doc>Returns the given values which can then be assigned to a variables.</doc>
<status status="NOT RUN" starttime="20231114 17:55:27.579" endtime="20231114 17:55:27.580"/>
</kw>
<status status="NOT RUN" starttime="20231114 17:55:27.576" endtime="20231114 17:55:27.581"/>
</branch>
<branch type="ELSE IF" condition="${cnt} &gt; 0 and '${type}' == 'test name'">
<kw name="Sentence" library="FakerLibrary">
<var>${random}</var>
<arg>nb_words=3</arg>
<doc>Generate a sentence.</doc>
<status status="NOT RUN" starttime="20231114 17:55:27.583" endtime="20231114 17:55:27.583"/>
</kw>
<kw name="Split String" library="String">
<var>${words}</var>
<arg>${TEST NAME}</arg>
<arg>${SPACE}</arg>
<doc>Splits the ``string`` using ``separator`` as a delimiter string.</doc>
<status status="NOT RUN" starttime="20231114 17:55:27.584" endtime="20231114 17:55:27.585"/>
</kw>
<kw name="Set Variable" library="BuiltIn">
<var>${new_text}</var>
<arg>${words[0]} ${random}</arg>
<doc>Returns the given values which can then be assigned to a variables.</doc>
<status status="NOT RUN" starttime="20231114 17:55:27.586" endtime="20231114 17:55:27.587"/>
</kw>
<status status="NOT RUN" starttime="20231114 17:55:27.581" endtime="20231114 17:55:27.588"/>
</branch>
<branch type="ELSE IF" condition="${cnt} &gt; 0 and '${type}' == 'number'">
<kw name="Random Int" library="FakerLibrary">
<var>${new_text}</var>
<doc>Generate a random integer between two integers ``min`` and ``max`` inclusive
while observing the provided ``step`` value.</doc>
<status status="NOT RUN" starttime="20231114 17:55:27.589" endtime="20231114 17:55:27.593"/>
</kw>
<kw name="Convert To String" library="BuiltIn">
<var>${new_text}</var>
<arg>${new_text}</arg>
<doc>Converts the given item to a Unicode string.</doc>
<status status="NOT RUN" starttime="20231114 17:55:27.594" endtime="20231114 17:55:27.595"/>
</kw>
<status status="NOT RUN" starttime="20231114 17:55:27.588" endtime="20231114 17:55:27.596"/>
</branch>
<branch type="ELSE IF" condition="${cnt} &gt; 0 and '${type}' == 'percentage'">
<kw name="Random Int" library="FakerLibrary">
<var>${new_text}</var>
<arg>max=100</arg>
<doc>Generate a random integer between two integers ``min`` and ``max`` inclusive
while observing the provided ``step`` value.</doc>
<status status="NOT RUN" starttime="20231114 17:55:27.597" endtime="20231114 17:55:27.598"/>
</kw>
<kw name="Convert To String" library="BuiltIn">
<var>${new_text}</var>
<arg>${new_text}</arg>
<doc>Converts the given item to a Unicode string.</doc>
<status status="NOT RUN" starttime="20231114 17:55:27.599" endtime="20231114 17:55:27.599"/>
</kw>
<status status="NOT RUN" starttime="20231114 17:55:27.596" endtime="20231114 17:55:27.600"/>
</branch>
<branch type="ELSE IF" condition="${cnt} &gt; 0 and '${type}' == 'paragraph'">
<kw name="Paragraph" library="FakerLibrary">
<var>${new_text}</var>
<doc>Generate a paragraph.</doc>
<status status="NOT RUN" starttime="20231114 17:55:27.601" endtime="20231114 17:55:27.602"/>
</kw>
<status status="NOT RUN" starttime="20231114 17:55:27.600" endtime="20231114 17:55:27.605"/>
</branch>
<branch type="ELSE IF" condition="${cnt} &gt; 0 and '${type}' == 'email'">
<kw name="Email" library="FakerLibrary">
<var>${new_text}</var>
<status status="NOT RUN" starttime="20231114 17:55:27.608" endtime="20231114 17:55:27.608"/>
</kw>
<status status="NOT RUN" starttime="20231114 17:55:27.607" endtime="20231114 17:55:27.609"/>
</branch>
<branch type="ELSE IF" condition="${cnt} &gt; 0 and '${type}' == 'phone'">
<kw name="Random Int" library="FakerLibrary">
<var>${new_text}</var>
<arg>min=2000000000</arg>
<arg>max=9999999999</arg>
<doc>Generate a random integer between two integers ``min`` and ``max`` inclusive
while observing the provided ``step`` value.</doc>
<status status="NOT RUN" starttime="20231114 17:55:27.611" endtime="20231114 17:55:27.611"/>
</kw>
<kw name="Convert To String" library="BuiltIn">
<var>${new_text}</var>
<arg>${new_text}</arg>
<doc>Converts the given item to a Unicode string.</doc>
<status status="NOT RUN" starttime="20231114 17:55:27.612" endtime="20231114 17:55:27.613"/>
</kw>
<kw name="Catenate" library="BuiltIn">
<var>${new_text}</var>
<arg>SEPARATOR=</arg>
<arg>0</arg>
<arg>${new_text}</arg>
<doc>Catenates the given items together and returns the resulted string.</doc>
<status status="NOT RUN" starttime="20231114 17:55:27.613" endtime="20231114 17:55:27.614"/>
</kw>
<status status="NOT RUN" starttime="20231114 17:55:27.610" endtime="20231114 17:55:27.615"/>
</branch>
<branch type="ELSE IF" condition="${cnt} &gt; 0 and '${type}' == 'color'">
<kw name="Safe Hex Color" library="FakerLibrary">
<var>${new_text}</var>
<doc>Generate a web-safe color formatted as a hex triplet.</doc>
<status status="NOT RUN" starttime="20231114 17:55:27.617" endtime="20231114 17:55:27.618"/>
</kw>
<status status="NOT RUN" starttime="20231114 17:55:27.616" endtime="20231114 17:55:27.618"/>
</branch>
<branch type="ELSE IF" condition="${cnt} &gt; 0 and &quot;${type}&quot; == 'password'">
<kw name="Password" library="FakerLibrary">
<var>${new_text}</var>
<arg>10</arg>
<arg>True</arg>
<arg>True</arg>
<arg>True</arg>
<arg>True</arg>
<doc>Generate a random password of the specified ``length``.</doc>
<status status="NOT RUN" starttime="20231114 17:55:27.620" endtime="20231114 17:55:27.622"/>
</kw>
<status status="NOT RUN" starttime="20231114 17:55:27.619" endtime="20231114 17:55:27.622"/>
</branch>
<branch type="ELSE IF" condition="${cnt} &gt; 0 and '${type}' == 'date'">
<kw name="Date" library="FakerLibrary">
<var>${new_text}</var>
<arg>pattern=%d-%m-%Y</arg>
<doc>Get a date string between January 1, 1970 and now.</doc>
<status status="NOT RUN" starttime="20231114 17:55:27.625" endtime="20231114 17:55:27.626"/>
</kw>
<status status="NOT RUN" starttime="20231114 17:55:27.623" endtime="20231114 17:55:27.626"/>
</branch>
<branch type="ELSE IF" condition="${cnt} &gt; 0 and '${type}' == 'word'">
<kw name="Sentence" library="FakerLibrary">
<var>${new_text}</var>
<arg>nb_words=2</arg>
<doc>Generate a sentence.</doc>
<status status="NOT RUN" starttime="20231114 17:55:27.628" endtime="20231114 17:55:27.629"/>
</kw>
<status status="NOT RUN" starttime="20231114 17:55:27.627" endtime="20231114 17:55:27.630"/>
</branch>
<branch type="ELSE IF" condition="${cnt} &gt; 0">
<kw name="Sentence" library="FakerLibrary">
<var>${new_text}</var>
<doc>Generate a sentence.</doc>
<status status="NOT RUN" starttime="20231114 17:55:27.633" endtime="20231114 17:55:27.634"/>
</kw>
<status status="NOT RUN" starttime="20231114 17:55:27.631" endtime="20231114 17:55:27.635"/>
</branch>
<status status="PASS" starttime="20231114 17:55:27.576" endtime="20231114 17:55:27.635"/>
</if>
<kw name="Get Length" library="BuiltIn">
<var>${cnt}</var>
<arg>${text}</arg>
<doc>Returns and logs the length of the given item as an integer.</doc>
<msg timestamp="20231114 17:55:27.637" level="INFO">Length is 15</msg>
<msg timestamp="20231114 17:55:27.638" level="INFO">${cnt} = 15</msg>
<status status="PASS" starttime="20231114 17:55:27.636" endtime="20231114 17:55:27.639"/>
</kw>
<if>
<branch type="IF" condition="${cnt} &gt; 0">
<kw name="Replace String" library="String">
<var>${text}</var>
<arg>${text}</arg>
<arg>${symbol}</arg>
<arg>${new_text}</arg>
<doc>Replaces ``search_for`` in the given ``string`` with ``replace_with``.</doc>
<msg timestamp="20231114 17:55:27.643" level="INFO">${text} = admin@gmail.com</msg>
<status status="PASS" starttime="20231114 17:55:27.642" endtime="20231114 17:55:27.643"/>
</kw>
<status status="PASS" starttime="20231114 17:55:27.641" endtime="20231114 17:55:27.644"/>
</branch>
<status status="PASS" starttime="20231114 17:55:27.640" endtime="20231114 17:55:27.644"/>
</if>
<msg timestamp="20231114 17:55:27.645" level="INFO">${text} = admin@gmail.com</msg>
<status status="PASS" starttime="20231114 17:55:27.519" endtime="20231114 17:55:27.645"/>
</kw>
<kw name="Get Element Form Item By Name" library="common">
<var>${element}</var>
<arg>${name}</arg>
<arg>//input[contains(@class, "ant-input")]</arg>
<msg timestamp="20231114 17:55:27.684" level="INFO">${element} = xpath=//*[contains(@class, "ant-form-item-label")]/label[text()="Email"]/../../*[contains(@class, "ant-form-item")]//input[contains(@class, "ant-input")]</msg>
<status status="PASS" starttime="20231114 17:55:27.646" endtime="20231114 17:55:27.687"/>
</kw>
<kw name="Clear Text" library="Browser">
<arg>${element}</arg>
<tag>PageContent</tag>
<tag>Setter</tag>
<doc>Clears the text field found by ``selector``.</doc>
<status status="PASS" starttime="20231114 17:55:27.689" endtime="20231114 17:55:27.855"/>
</kw>
<kw name="Fill Text" library="Browser">
<arg>${element}</arg>
<arg>${text}</arg>
<arg>True</arg>
<tag>PageContent</tag>
<tag>Setter</tag>
<doc>Clears and fills the given ``txt`` into the text field found by ``selector``.</doc>
<msg timestamp="20231114 17:55:27.857" level="INFO">Fills the text 'admin@gmail.com' in the given field.</msg>
<status status="PASS" starttime="20231114 17:55:27.856" endtime="20231114 17:55:27.931"/>
</kw>
<kw name="Get Length" library="BuiltIn">
<var>${cnt}</var>
<arg>${text}</arg>
<doc>Returns and logs the length of the given item as an integer.</doc>
<msg timestamp="20231114 17:55:27.933" level="INFO">Length is 15</msg>
<msg timestamp="20231114 17:55:27.933" level="INFO">${cnt} = 15</msg>
<status status="PASS" starttime="20231114 17:55:27.932" endtime="20231114 17:55:27.934"/>
</kw>
<if>
<branch type="IF" condition="${cnt} &gt; 0">
<kw name="Set Global Variable" library="BuiltIn">
<arg>${STATE["${name}"]}</arg>
<arg>${text}</arg>
<doc>Makes a variable available globally in all tests and suites.</doc>
<msg timestamp="20231114 17:55:27.940" level="INFO">${STATE["Email"]} = admin@gmail.com</msg>
<status status="PASS" starttime="20231114 17:55:27.936" endtime="20231114 17:55:27.940"/>
</kw>
<status status="PASS" starttime="20231114 17:55:27.935" endtime="20231114 17:55:27.941"/>
</branch>
<status status="PASS" starttime="20231114 17:55:27.934" endtime="20231114 17:55:27.941"/>
</if>
<status status="PASS" starttime="20231114 17:55:27.518" endtime="20231114 17:55:27.942"/>
</kw>
<kw name="Enter &quot;text&quot; in &quot;Mật khẩu&quot; with &quot;123123&quot;" library="common" sourcename="Enter &quot;${type}&quot; in &quot;${name}&quot; with &quot;${text}&quot;">
<kw name="Get Random Text" library="common">
<var>${text}</var>
<arg>${type}</arg>
<arg>${text}</arg>
<kw name="Set Variable" library="BuiltIn">
<var>${symbol}</var>
<arg>_RANDOM_</arg>
<doc>Returns the given values which can then be assigned to a variables.</doc>
<msg timestamp="20231114 17:55:27.947" level="INFO">${symbol} = _RANDOM_</msg>
<status status="PASS" starttime="20231114 17:55:27.946" endtime="20231114 17:55:27.948"/>
</kw>
<kw name="Set Variable" library="BuiltIn">
<var>${new_text}</var>
<doc>Returns the given values which can then be assigned to a variables.</doc>
<msg timestamp="20231114 17:55:27.949" level="INFO">${new_text} = </msg>
<status status="PASS" starttime="20231114 17:55:27.949" endtime="20231114 17:55:27.950"/>
</kw>
<kw name="Get Regexp Matches" library="String">
<var>${containsS}</var>
<arg>${text}</arg>
<arg>_@(.+)@_</arg>
<arg>1</arg>
<doc>Returns a list of all non-overlapping matches in the given string.</doc>
<msg timestamp="20231114 17:55:27.952" level="INFO">${containsS} = []</msg>
<status status="PASS" starttime="20231114 17:55:27.951" endtime="20231114 17:55:27.953"/>
</kw>
<kw name="Get Length" library="BuiltIn">
<var>${cntS}</var>
<arg>${containsS}</arg>
<doc>Returns and logs the length of the given item as an integer.</doc>
<msg timestamp="20231114 17:55:27.958" level="INFO">Length is 0</msg>
<msg timestamp="20231114 17:55:27.961" level="INFO">${cntS} = 0</msg>
<status status="PASS" starttime="20231114 17:55:27.957" endtime="20231114 17:55:27.962"/>
</kw>
<kw name="Get Regexp Matches" library="String">
<var>${contains}</var>
<arg>${text}</arg>
<arg>${symbol}</arg>
<doc>Returns a list of all non-overlapping matches in the given string.</doc>
<msg timestamp="20231114 17:55:27.964" level="INFO">${contains} = []</msg>
<status status="PASS" starttime="20231114 17:55:27.963" endtime="20231114 17:55:27.964"/>
</kw>
<kw name="Get Length" library="BuiltIn">
<var>${cnt}</var>
<arg>${contains}</arg>
<doc>Returns and logs the length of the given item as an integer.</doc>
<msg timestamp="20231114 17:55:27.966" level="INFO">Length is 0</msg>
<msg timestamp="20231114 17:55:27.967" level="INFO">${cnt} = 0</msg>
<status status="PASS" starttime="20231114 17:55:27.965" endtime="20231114 17:55:27.967"/>
</kw>
<if>
<branch type="IF" condition="${cntS} &gt; 0">
<kw name="Set Variable" library="BuiltIn">
<var>${new_text}</var>
<arg>${STATE["${containsS[0]}"]}</arg>
<doc>Returns the given values which can then be assigned to a variables.</doc>
<status status="NOT RUN" starttime="20231114 17:55:27.970" endtime="20231114 17:55:27.970"/>
</kw>
<kw name="Set Variable" library="BuiltIn">
<var>${symbol}</var>
<arg>_@${containsS[0]}@_</arg>
<doc>Returns the given values which can then be assigned to a variables.</doc>
<status status="NOT RUN" starttime="20231114 17:55:27.971" endtime="20231114 17:55:27.971"/>
</kw>
<status status="NOT RUN" starttime="20231114 17:55:27.969" endtime="20231114 17:55:27.978"/>
</branch>
<branch type="ELSE IF" condition="${cnt} &gt; 0 and '${type}' == 'test name'">
<kw name="Sentence" library="FakerLibrary">
<var>${random}</var>
<arg>nb_words=3</arg>
<doc>Generate a sentence.</doc>
<status status="NOT RUN" starttime="20231114 17:55:27.981" endtime="20231114 17:55:27.987"/>
</kw>
<kw name="Split String" library="String">
<var>${words}</var>
<arg>${TEST NAME}</arg>
<arg>${SPACE}</arg>
<doc>Splits the ``string`` using ``separator`` as a delimiter string.</doc>
<status status="NOT RUN" starttime="20231114 17:55:27.987" endtime="20231114 17:55:27.988"/>
</kw>
<kw name="Set Variable" library="BuiltIn">
<var>${new_text}</var>
<arg>${words[0]} ${random}</arg>
<doc>Returns the given values which can then be assigned to a variables.</doc>
<status status="NOT RUN" starttime="20231114 17:55:27.988" endtime="20231114 17:55:27.990"/>
</kw>
<status status="NOT RUN" starttime="20231114 17:55:27.980" endtime="20231114 17:55:27.992"/>
</branch>
<branch type="ELSE IF" condition="${cnt} &gt; 0 and '${type}' == 'number'">
<kw name="Random Int" library="FakerLibrary">
<var>${new_text}</var>
<doc>Generate a random integer between two integers ``min`` and ``max`` inclusive
while observing the provided ``step`` value.</doc>
<status status="NOT RUN" starttime="20231114 17:55:27.995" endtime="20231114 17:55:27.996"/>
</kw>
<kw name="Convert To String" library="BuiltIn">
<var>${new_text}</var>
<arg>${new_text}</arg>
<doc>Converts the given item to a Unicode string.</doc>
<status status="NOT RUN" starttime="20231114 17:55:27.996" endtime="20231114 17:55:27.997"/>
</kw>
<status status="NOT RUN" starttime="20231114 17:55:27.994" endtime="20231114 17:55:27.997"/>
</branch>
<branch type="ELSE IF" condition="${cnt} &gt; 0 and '${type}' == 'percentage'">
<kw name="Random Int" library="FakerLibrary">
<var>${new_text}</var>
<arg>max=100</arg>
<doc>Generate a random integer between two integers ``min`` and ``max`` inclusive
while observing the provided ``step`` value.</doc>
<status status="NOT RUN" starttime="20231114 17:55:27.999" endtime="20231114 17:55:27.999"/>
</kw>
<kw name="Convert To String" library="BuiltIn">
<var>${new_text}</var>
<arg>${new_text}</arg>
<doc>Converts the given item to a Unicode string.</doc>
<status status="NOT RUN" starttime="20231114 17:55:28.000" endtime="20231114 17:55:28.001"/>
</kw>
<status status="NOT RUN" starttime="20231114 17:55:27.998" endtime="20231114 17:55:28.001"/>
</branch>
<branch type="ELSE IF" condition="${cnt} &gt; 0 and '${type}' == 'paragraph'">
<kw name="Paragraph" library="FakerLibrary">
<var>${new_text}</var>
<doc>Generate a paragraph.</doc>
<status status="NOT RUN" starttime="20231114 17:55:28.003" endtime="20231114 17:55:28.003"/>
</kw>
<status status="NOT RUN" starttime="20231114 17:55:28.002" endtime="20231114 17:55:28.004"/>
</branch>
<branch type="ELSE IF" condition="${cnt} &gt; 0 and '${type}' == 'email'">
<kw name="Email" library="FakerLibrary">
<var>${new_text}</var>
<status status="NOT RUN" starttime="20231114 17:55:28.008" endtime="20231114 17:55:28.010"/>
</kw>
<status status="NOT RUN" starttime="20231114 17:55:28.004" endtime="20231114 17:55:28.011"/>
</branch>
<branch type="ELSE IF" condition="${cnt} &gt; 0 and '${type}' == 'phone'">
<kw name="Random Int" library="FakerLibrary">
<var>${new_text}</var>
<arg>min=2000000000</arg>
<arg>max=9999999999</arg>
<doc>Generate a random integer between two integers ``min`` and ``max`` inclusive
while observing the provided ``step`` value.</doc>
<status status="NOT RUN" starttime="20231114 17:55:28.014" endtime="20231114 17:55:28.014"/>
</kw>
<kw name="Convert To String" library="BuiltIn">
<var>${new_text}</var>
<arg>${new_text}</arg>
<doc>Converts the given item to a Unicode string.</doc>
<status status="NOT RUN" starttime="20231114 17:55:28.015" endtime="20231114 17:55:28.019"/>
</kw>
<kw name="Catenate" library="BuiltIn">
<var>${new_text}</var>
<arg>SEPARATOR=</arg>
<arg>0</arg>
<arg>${new_text}</arg>
<doc>Catenates the given items together and returns the resulted string.</doc>
<status status="NOT RUN" starttime="20231114 17:55:28.020" endtime="20231114 17:55:28.021"/>
</kw>
<status status="NOT RUN" starttime="20231114 17:55:28.012" endtime="20231114 17:55:28.028"/>
</branch>
<branch type="ELSE IF" condition="${cnt} &gt; 0 and '${type}' == 'color'">
<kw name="Safe Hex Color" library="FakerLibrary">
<var>${new_text}</var>
<doc>Generate a web-safe color formatted as a hex triplet.</doc>
<status status="NOT RUN" starttime="20231114 17:55:28.031" endtime="20231114 17:55:28.033"/>
</kw>
<status status="NOT RUN" starttime="20231114 17:55:28.029" endtime="20231114 17:55:28.034"/>
</branch>
<branch type="ELSE IF" condition="${cnt} &gt; 0 and &quot;${type}&quot; == 'password'">
<kw name="Password" library="FakerLibrary">
<var>${new_text}</var>
<arg>10</arg>
<arg>True</arg>
<arg>True</arg>
<arg>True</arg>
<arg>True</arg>
<doc>Generate a random password of the specified ``length``.</doc>
<status status="NOT RUN" starttime="20231114 17:55:28.035" endtime="20231114 17:55:28.036"/>
</kw>
<status status="NOT RUN" starttime="20231114 17:55:28.034" endtime="20231114 17:55:28.036"/>
</branch>
<branch type="ELSE IF" condition="${cnt} &gt; 0 and '${type}' == 'date'">
<kw name="Date" library="FakerLibrary">
<var>${new_text}</var>
<arg>pattern=%d-%m-%Y</arg>
<doc>Get a date string between January 1, 1970 and now.</doc>
<status status="NOT RUN" starttime="20231114 17:55:28.038" endtime="20231114 17:55:28.038"/>
</kw>
<status status="NOT RUN" starttime="20231114 17:55:28.037" endtime="20231114 17:55:28.044"/>
</branch>
<branch type="ELSE IF" condition="${cnt} &gt; 0 and '${type}' == 'word'">
<kw name="Sentence" library="FakerLibrary">
<var>${new_text}</var>
<arg>nb_words=2</arg>
<doc>Generate a sentence.</doc>
<status status="NOT RUN" starttime="20231114 17:55:28.046" endtime="20231114 17:55:28.046"/>
</kw>
<status status="NOT RUN" starttime="20231114 17:55:28.044" endtime="20231114 17:55:28.047"/>
</branch>
<branch type="ELSE IF" condition="${cnt} &gt; 0">
<kw name="Sentence" library="FakerLibrary">
<var>${new_text}</var>
<doc>Generate a sentence.</doc>
<status status="NOT RUN" starttime="20231114 17:55:28.053" endtime="20231114 17:55:28.053"/>
</kw>
<status status="NOT RUN" starttime="20231114 17:55:28.052" endtime="20231114 17:55:28.054"/>
</branch>
<status status="PASS" starttime="20231114 17:55:27.968" endtime="20231114 17:55:28.054"/>
</if>
<kw name="Get Length" library="BuiltIn">
<var>${cnt}</var>
<arg>${text}</arg>
<doc>Returns and logs the length of the given item as an integer.</doc>
<msg timestamp="20231114 17:55:28.060" level="INFO">Length is 6</msg>
<msg timestamp="20231114 17:55:28.061" level="INFO">${cnt} = 6</msg>
<status status="PASS" starttime="20231114 17:55:28.055" endtime="20231114 17:55:28.062"/>
</kw>
<if>
<branch type="IF" condition="${cnt} &gt; 0">
<kw name="Replace String" library="String">
<var>${text}</var>
<arg>${text}</arg>
<arg>${symbol}</arg>
<arg>${new_text}</arg>
<doc>Replaces ``search_for`` in the given ``string`` with ``replace_with``.</doc>
<msg timestamp="20231114 17:55:28.065" level="INFO">${text} = 123123</msg>
<status status="PASS" starttime="20231114 17:55:28.064" endtime="20231114 17:55:28.066"/>
</kw>
<status status="PASS" starttime="20231114 17:55:28.062" endtime="20231114 17:55:28.066"/>
</branch>
<status status="PASS" starttime="20231114 17:55:28.062" endtime="20231114 17:55:28.067"/>
</if>
<msg timestamp="20231114 17:55:28.068" level="INFO">${text} = 123123</msg>
<status status="PASS" starttime="20231114 17:55:27.944" endtime="20231114 17:55:28.068"/>
</kw>
<kw name="Get Element Form Item By Name" library="common">
<var>${element}</var>
<arg>${name}</arg>
<arg>//input[contains(@class, "ant-input")]</arg>
<msg timestamp="20231114 17:55:28.071" level="INFO">${element} = xpath=//*[contains(@class, "ant-form-item-label")]/label[text()="Mật khẩu"]/../../*[contains(@class, "ant-form-item")]//input[contains(@class, "ant-input")]</msg>
<status status="PASS" starttime="20231114 17:55:28.069" endtime="20231114 17:55:28.071"/>
</kw>
<kw name="Clear Text" library="Browser">
<arg>${element}</arg>
<tag>PageContent</tag>
<tag>Setter</tag>
<doc>Clears the text field found by ``selector``.</doc>
<status status="PASS" starttime="20231114 17:55:28.072" endtime="20231114 17:55:28.160"/>
</kw>
<kw name="Fill Text" library="Browser">
<arg>${element}</arg>
<arg>${text}</arg>
<arg>True</arg>
<tag>PageContent</tag>
<tag>Setter</tag>
<doc>Clears and fills the given ``txt`` into the text field found by ``selector``.</doc>
<msg timestamp="20231114 17:55:28.163" level="INFO">Fills the text '123123' in the given field.</msg>
<status status="PASS" starttime="20231114 17:55:28.161" endtime="20231114 17:55:28.216"/>
</kw>
<kw name="Get Length" library="BuiltIn">
<var>${cnt}</var>
<arg>${text}</arg>
<doc>Returns and logs the length of the given item as an integer.</doc>
<msg timestamp="20231114 17:55:28.217" level="INFO">Length is 6</msg>
<msg timestamp="20231114 17:55:28.218" level="INFO">${cnt} = 6</msg>
<status status="PASS" starttime="20231114 17:55:28.216" endtime="20231114 17:55:28.218"/>
</kw>
<if>
<branch type="IF" condition="${cnt} &gt; 0">
<kw name="Set Global Variable" library="BuiltIn">
<arg>${STATE["${name}"]}</arg>
<arg>${text}</arg>
<doc>Makes a variable available globally in all tests and suites.</doc>
<msg timestamp="20231114 17:55:28.224" level="INFO">${STATE["Mật khẩu"]} = 123123</msg>
<status status="PASS" starttime="20231114 17:55:28.220" endtime="20231114 17:55:28.225"/>
</kw>
<status status="PASS" starttime="20231114 17:55:28.219" endtime="20231114 17:55:28.225"/>
</branch>
<status status="PASS" starttime="20231114 17:55:28.219" endtime="20231114 17:55:28.227"/>
</if>
<status status="PASS" starttime="20231114 17:55:27.942" endtime="20231114 17:55:28.227"/>
</kw>
<kw name="Click &quot;Đăng nhập&quot; button" library="common" sourcename="Click &quot;${text}&quot; button">
<kw name="Click" library="Browser">
<arg>xpath=//button[@title = "${text}"]</arg>
<tag>PageContent</tag>
<tag>Setter</tag>
<doc>Simulates mouse click on the element found by ``selector``.</doc>
<status status="PASS" starttime="20231114 17:55:28.229" endtime="20231114 17:55:28.368"/>
</kw>
<kw name="Click Confirm To Action" library="common">
<kw name="Set Variable" library="BuiltIn">
<var>${element}</var>
<arg>xpath=//*[contains(@class, "ant-popover")]//*[contains(@class, "ant-btn-primary")]</arg>
<doc>Returns the given values which can then be assigned to a variables.</doc>
<msg timestamp="20231114 17:55:28.371" level="INFO">${element} = xpath=//*[contains(@class, "ant-popover")]//*[contains(@class, "ant-btn-primary")]</msg>
<status status="PASS" starttime="20231114 17:55:28.370" endtime="20231114 17:55:28.371"/>
</kw>
<kw name="Get Element Count" library="Browser">
<var>${count}</var>
<arg>${element}</arg>
<tag>Assertion</tag>
<tag>Getter</tag>
<tag>PageContent</tag>
<doc>Returns the count of elements found with ``selector``.</doc>
<msg timestamp="20231114 17:55:28.393" level="INFO">${count} = 0</msg>
<status status="PASS" starttime="20231114 17:55:28.372" endtime="20231114 17:55:28.393"/>
</kw>
<if>
<branch type="IF" condition="${count} &gt; 0">
<kw name="Click" library="Browser">
<arg>${element}</arg>
<tag>PageContent</tag>
<tag>Setter</tag>
<doc>Simulates mouse click on the element found by ``selector``.</doc>
<status status="NOT RUN" starttime="20231114 17:55:28.396" endtime="20231114 17:55:28.397"/>
</kw>
<kw name="Sleep" library="BuiltIn">
<arg>${SHOULD_TIMEOUT}</arg>
<doc>Pauses the test executed for the given time.</doc>
<status status="NOT RUN" starttime="20231114 17:55:28.398" endtime="20231114 17:55:28.398"/>
</kw>
<status status="NOT RUN" starttime="20231114 17:55:28.394" endtime="20231114 17:55:28.399"/>
</branch>
<status status="PASS" starttime="20231114 17:55:28.394" endtime="20231114 17:55:28.399"/>
</if>
<status status="PASS" starttime="20231114 17:55:28.369" endtime="20231114 17:55:28.400"/>
</kw>
<kw name="Scroll By" library="Browser">
<arg>${None}</arg>
<tag>PageContent</tag>
<tag>Setter</tag>
<doc>Scrolls an element or the page relative from current position by the given values.</doc>
<msg timestamp="20231114 17:55:28.432" level="INFO">JavaScript executed successfully.</msg>
<msg timestamp="20231114 17:55:28.432" level="INFO">JavaScript executed successfully.</msg>
<msg timestamp="20231114 17:55:28.452" level="INFO">JavaScript executed successfully.</msg>
<msg timestamp="20231114 17:55:28.453" level="INFO">JavaScript executed successfully.</msg>
<msg timestamp="20231114 17:55:28.464" level="INFO">JavaScript executed successfully.</msg>
<status status="PASS" starttime="20231114 17:55:28.401" endtime="20231114 17:55:28.464"/>
</kw>
<status status="PASS" starttime="20231114 17:55:28.228" endtime="20231114 17:55:28.465"/>
</kw>
<kw name="User look message &quot;Success&quot; popup" library="common" sourcename="User look message &quot;${message}&quot; popup">
<kw name="Get Regexp Matches" library="String">
<var>${contains}</var>
<arg>${message}</arg>
<arg>_@(.+)@_</arg>
<arg>1</arg>
<doc>Returns a list of all non-overlapping matches in the given string.</doc>
<msg timestamp="20231114 17:55:28.469" level="INFO">${contains} = []</msg>
<status status="PASS" starttime="20231114 17:55:28.467" endtime="20231114 17:55:28.469"/>
</kw>
<kw name="Get Length" library="BuiltIn">
<var>${cnt}</var>
<arg>${contains}</arg>
<doc>Returns and logs the length of the given item as an integer.</doc>
<msg timestamp="20231114 17:55:28.471" level="INFO">Length is 0</msg>
<msg timestamp="20231114 17:55:28.471" level="INFO">${cnt} = 0</msg>
<status status="PASS" starttime="20231114 17:55:28.470" endtime="20231114 17:55:28.472"/>
</kw>
<if>
<branch type="IF" condition="${cnt} &gt; 0">
<kw name="Replace String" library="String">
<var>${message}</var>
<arg>${message}</arg>
<arg>_@${contains[0]}@_</arg>
<arg>${STATE["${contains[0]}"]}</arg>
<doc>Replaces ``search_for`` in the given ``string`` with ``replace_with``.</doc>
<status status="NOT RUN" starttime="20231114 17:55:28.475" endtime="20231114 17:55:28.476"/>
</kw>
<status status="NOT RUN" starttime="20231114 17:55:28.474" endtime="20231114 17:55:28.477"/>
</branch>
<status status="PASS" starttime="20231114 17:55:28.474" endtime="20231114 17:55:28.478"/>
</if>
<kw name="Element Text Should Be" library="common">
<arg>id=swal2-html-container</arg>
<arg>${message}</arg>
<kw name="Get Text" library="Browser">
<arg>${locator}</arg>
<arg>equal</arg>
<arg>${expected}</arg>
<arg>${message}</arg>
<tag>Assertion</tag>
<tag>Getter</tag>
<tag>PageContent</tag>
<doc>Returns text attribute of the element found by ``selector``.</doc>
<msg timestamp="20231114 17:55:28.800" level="INFO">Text: 'Success'</msg>
<status status="PASS" starttime="20231114 17:55:28.483" endtime="20231114 17:55:28.801"/>
</kw>
<status status="PASS" starttime="20231114 17:55:28.478" endtime="20231114 17:55:28.801"/>
</kw>
<kw name="Set Variable" library="BuiltIn">
<var>${element}</var>
<arg>xpath=//*[contains(@class, "swal2-confirm")]</arg>
<doc>Returns the given values which can then be assigned to a variables.</doc>
<msg timestamp="20231114 17:55:28.803" level="INFO">${element} = xpath=//*[contains(@class, "swal2-confirm")]</msg>
<status status="PASS" starttime="20231114 17:55:28.802" endtime="20231114 17:55:28.803"/>
</kw>
<kw name="Run Keyword And Return Status" library="BuiltIn">
<var>${passed}</var>
<arg>Element Should Be Visible</arg>
<arg>${element}</arg>
<doc>Runs the given keyword with given arguments and returns the status as a Boolean value.</doc>
<kw name="Element Should Be Visible" library="common">
<arg>${element}</arg>
<kw name="Wait For Elements State" library="Browser">
<arg>${locator}</arg>
<arg>visible</arg>
<arg>${timeout}</arg>
<arg>${message}</arg>
<tag>PageContent</tag>
<tag>Wait</tag>
<doc>Waits for the element found by ``selector`` to satisfy state option.</doc>
<msg timestamp="20231114 17:55:29.389" level="INFO" html="true">&lt;/td&gt;&lt;/tr&gt;&lt;tr&gt;&lt;td colspan="3"&gt;&lt;a href="browser/screenshot/fail-screenshot-1.png" target="_blank"&gt;&lt;img src="browser/screenshot/fail-screenshot-1.png" width="800px"/&gt;&lt;/a&gt;</msg>
<msg timestamp="20231114 17:55:29.390" level="INFO">See also file:///D:/For%20checking%20automation%20test/test/test/playwright-log.txt for additional details.</msg>
<msg timestamp="20231114 17:55:29.391" level="FAIL">TimeoutError: locator.waitFor: Timeout 100ms exceeded.
=========================== logs ===========================
waiting for locator('xpath=//*[contains(@class, "swal2-confirm")]') to be visible
  locator resolved to hidden &lt;button type="button" aria-label="" class="swal2-confirm…&gt;OK&lt;/button&gt;
  locator resolved to hidden &lt;button type="button" aria-label="" class="swal2-confirm…&gt;OK&lt;/button&gt;
  locator resolved to hidden &lt;button type="button" aria-label="" class="swal2-confirm…&gt;OK&lt;/button&gt;
============================================================
Tip: Use "Set Browser Timeout" for increasing the timeout or double check your locator as the targeted element(s) couldn't be found.</msg>
<status status="FAIL" starttime="20231114 17:55:28.811" endtime="20231114 17:55:29.403"/>
</kw>
<status status="FAIL" starttime="20231114 17:55:28.805" endtime="20231114 17:55:29.404"/>
</kw>
<msg timestamp="20231114 17:55:29.405" level="INFO">${passed} = False</msg>
<status status="PASS" starttime="20231114 17:55:28.804" endtime="20231114 17:55:29.405"/>
</kw>
<if>
<branch type="IF" condition="'${passed}' == 'True'">
<kw name="Click" library="Browser">
<arg>${element}</arg>
<tag>PageContent</tag>
<tag>Setter</tag>
<doc>Simulates mouse click on the element found by ``selector``.</doc>
<status status="NOT RUN" starttime="20231114 17:55:29.407" endtime="20231114 17:55:29.408"/>
</kw>
<status status="NOT RUN" starttime="20231114 17:55:29.406" endtime="20231114 17:55:29.408"/>
</branch>
<status status="PASS" starttime="20231114 17:55:29.406" endtime="20231114 17:55:29.409"/>
</if>
<status status="PASS" starttime="20231114 17:55:28.466" endtime="20231114 17:55:29.409"/>
</kw>
<status status="PASS" starttime="20231114 17:55:27.504" endtime="20231114 17:55:29.410"/>
</kw>
<kw name="Click &quot;QUẢN LÝ TÀI KHOẢN&quot; menu" library="common" sourcename="Click &quot;${text}&quot; menu">
<kw name="Click" library="Browser">
<arg>xpath=//li[contains(@class, "menu") and descendant::span[contains(text(), "${text}")]]</arg>
<tag>PageContent</tag>
<tag>Setter</tag>
<doc>Simulates mouse click on the element found by ``selector``.</doc>
<status status="PASS" starttime="20231114 17:55:29.412" endtime="20231114 17:55:30.465"/>
</kw>
<status status="PASS" starttime="20231114 17:55:29.411" endtime="20231114 17:55:30.465"/>
</kw>
<kw name="Click &quot;${name}&quot; sub menu to &quot;${url}&quot;" library="common" sourcename="Click &quot;${text}&quot; sub menu to &quot;${url}&quot;">
<kw name="Wait Until Element Spin" library="common">
<kw name="Sleep" library="BuiltIn">
<arg>${SHOULD_TIMEOUT}</arg>
<doc>Pauses the test executed for the given time.</doc>
<msg timestamp="20231114 17:55:30.569" level="INFO">Slept 100 milliseconds</msg>
<status status="PASS" starttime="20231114 17:55:30.468" endtime="20231114 17:55:30.569"/>
</kw>
<kw name="Set Variable" library="BuiltIn">
<var>${element}</var>
<arg>xpath=//*[contains(@class, "ant-spin-spinning")]</arg>
<doc>Returns the given values which can then be assigned to a variables.</doc>
<msg timestamp="20231114 17:55:30.571" level="INFO">${element} = xpath=//*[contains(@class, "ant-spin-spinning")]</msg>
<status status="PASS" starttime="20231114 17:55:30.570" endtime="20231114 17:55:30.572"/>
</kw>
<kw name="Get Element Count" library="Browser">
<var>${count}</var>
<arg>${element}</arg>
<tag>Assertion</tag>
<tag>Getter</tag>
<tag>PageContent</tag>
<doc>Returns the count of elements found with ``selector``.</doc>
<msg timestamp="20231114 17:55:30.589" level="INFO">${count} = 0</msg>
<status status="PASS" starttime="20231114 17:55:30.574" endtime="20231114 17:55:30.590"/>
</kw>
<if>
<branch type="IF" condition="${count} &gt; 0">
<kw name="Wait Until Page Does Not Contain Element" library="common">
<arg>${element}</arg>
<status status="NOT RUN" starttime="20231114 17:55:30.593" endtime="20231114 17:55:30.594"/>
</kw>
<status status="NOT RUN" starttime="20231114 17:55:30.591" endtime="20231114 17:55:30.595"/>
</branch>
<status status="PASS" starttime="20231114 17:55:30.591" endtime="20231114 17:55:30.596"/>
</if>
<status status="PASS" starttime="20231114 17:55:30.467" endtime="20231114 17:55:30.596"/>
</kw>
<kw name="Click" library="Browser">
<arg>xpath=//a[contains(@class, "sub-menu") and descendant::span[contains(text(), "${text}")]]</arg>
<tag>PageContent</tag>
<tag>Setter</tag>
<doc>Simulates mouse click on the element found by ``selector``.</doc>
<status status="PASS" starttime="20231114 17:55:30.597" endtime="20231114 17:55:31.171"/>
</kw>
<kw name="Get Url" library="Browser">
<var>${curent_url}</var>
<tag>Assertion</tag>
<tag>Getter</tag>
<tag>PageContent</tag>
<doc>Returns the current URL.</doc>
<msg timestamp="20231114 17:55:31.179" level="INFO">${curent_url} = http://dev1.geneat.vn:7802/vn/internal-account</msg>
<status status="PASS" starttime="20231114 17:55:31.172" endtime="20231114 17:55:31.180"/>
</kw>
<kw name="Should Contain" library="BuiltIn">
<arg>${curent_url}</arg>
<arg>${URL_DEFAULT}${url}</arg>
<doc>Fails if ``container`` does not contain ``item`` one or more times.</doc>
<status status="PASS" starttime="20231114 17:55:31.181" endtime="20231114 17:55:31.182"/>
</kw>
<status status="PASS" starttime="20231114 17:55:30.466" endtime="20231114 17:55:31.183"/>
</kw>
<kw name="Click &quot;Tạo mới&quot; button" library="common" sourcename="Click &quot;${text}&quot; button">
<kw name="Click" library="Browser">
<arg>xpath=//button[@title = "${text}"]</arg>
<tag>PageContent</tag>
<tag>Setter</tag>
<doc>Simulates mouse click on the element found by ``selector``.</doc>
<status status="PASS" starttime="20231114 17:55:31.186" endtime="20231114 17:55:32.190"/>
</kw>
<kw name="Click Confirm To Action" library="common">
<kw name="Set Variable" library="BuiltIn">
<var>${element}</var>
<arg>xpath=//*[contains(@class, "ant-popover")]//*[contains(@class, "ant-btn-primary")]</arg>
<doc>Returns the given values which can then be assigned to a variables.</doc>
<msg timestamp="20231114 17:55:32.193" level="INFO">${element} = xpath=//*[contains(@class, "ant-popover")]//*[contains(@class, "ant-btn-primary")]</msg>
<status status="PASS" starttime="20231114 17:55:32.192" endtime="20231114 17:55:32.194"/>
</kw>
<kw name="Get Element Count" library="Browser">
<var>${count}</var>
<arg>${element}</arg>
<tag>Assertion</tag>
<tag>Getter</tag>
<tag>PageContent</tag>
<doc>Returns the count of elements found with ``selector``.</doc>
<msg timestamp="20231114 17:55:32.208" level="INFO">${count} = 0</msg>
<status status="PASS" starttime="20231114 17:55:32.195" endtime="20231114 17:55:32.209"/>
</kw>
<if>
<branch type="IF" condition="${count} &gt; 0">
<kw name="Click" library="Browser">
<arg>${element}</arg>
<tag>PageContent</tag>
<tag>Setter</tag>
<doc>Simulates mouse click on the element found by ``selector``.</doc>
<status status="NOT RUN" starttime="20231114 17:55:32.211" endtime="20231114 17:55:32.212"/>
</kw>
<kw name="Sleep" library="BuiltIn">
<arg>${SHOULD_TIMEOUT}</arg>
<doc>Pauses the test executed for the given time.</doc>
<status status="NOT RUN" starttime="20231114 17:55:32.212" endtime="20231114 17:55:32.213"/>
</kw>
<status status="NOT RUN" starttime="20231114 17:55:32.210" endtime="20231114 17:55:32.214"/>
</branch>
<status status="PASS" starttime="20231114 17:55:32.209" endtime="20231114 17:55:32.214"/>
</if>
<status status="PASS" starttime="20231114 17:55:32.191" endtime="20231114 17:55:32.215"/>
</kw>
<kw name="Scroll By" library="Browser">
<arg>${None}</arg>
<tag>PageContent</tag>
<tag>Setter</tag>
<doc>Scrolls an element or the page relative from current position by the given values.</doc>
<msg timestamp="20231114 17:55:32.247" level="INFO">JavaScript executed successfully.</msg>
<msg timestamp="20231114 17:55:32.248" level="INFO">JavaScript executed successfully.</msg>
<msg timestamp="20231114 17:55:32.274" level="INFO">JavaScript executed successfully.</msg>
<msg timestamp="20231114 17:55:32.275" level="INFO">JavaScript executed successfully.</msg>
<msg timestamp="20231114 17:55:32.289" level="INFO">JavaScript executed successfully.</msg>
<status status="PASS" starttime="20231114 17:55:32.216" endtime="20231114 17:55:32.290"/>
</kw>
<status status="PASS" starttime="20231114 17:55:31.184" endtime="20231114 17:55:32.290"/>
</kw>
<status status="PASS" starttime="20231114 17:55:27.499" endtime="20231114 17:55:32.291"/>
</kw>
<status status="PASS" starttime="20231114 17:55:27.498" endtime="20231114 17:55:32.292"/>
</branch>
<status status="PASS" starttime="20231114 17:55:27.482" endtime="20231114 17:55:32.293"/>
</if>
<kw name="Enter &quot;test name&quot; in &quot;Họ và tên&quot; with &quot;_RANDOM_&quot;" library="common" sourcename="Enter &quot;${type}&quot; in &quot;${name}&quot; with &quot;${text}&quot;">
<kw name="Get Random Text" library="common">
<var>${text}</var>
<arg>${type}</arg>
<arg>${text}</arg>
<kw name="Set Variable" library="BuiltIn">
<var>${symbol}</var>
<arg>_RANDOM_</arg>
<doc>Returns the given values which can then be assigned to a variables.</doc>
<msg timestamp="20231114 17:55:32.298" level="INFO">${symbol} = _RANDOM_</msg>
<status status="PASS" starttime="20231114 17:55:32.297" endtime="20231114 17:55:32.298"/>
</kw>
<kw name="Set Variable" library="BuiltIn">
<var>${new_text}</var>
<doc>Returns the given values which can then be assigned to a variables.</doc>
<msg timestamp="20231114 17:55:32.300" level="INFO">${new_text} = </msg>
<status status="PASS" starttime="20231114 17:55:32.299" endtime="20231114 17:55:32.300"/>
</kw>
<kw name="Get Regexp Matches" library="String">
<var>${containsS}</var>
<arg>${text}</arg>
<arg>_@(.+)@_</arg>
<arg>1</arg>
<doc>Returns a list of all non-overlapping matches in the given string.</doc>
<msg timestamp="20231114 17:55:32.302" level="INFO">${containsS} = []</msg>
<status status="PASS" starttime="20231114 17:55:32.301" endtime="20231114 17:55:32.303"/>
</kw>
<kw name="Get Length" library="BuiltIn">
<var>${cntS}</var>
<arg>${containsS}</arg>
<doc>Returns and logs the length of the given item as an integer.</doc>
<msg timestamp="20231114 17:55:32.305" level="INFO">Length is 0</msg>
<msg timestamp="20231114 17:55:32.306" level="INFO">${cntS} = 0</msg>
<status status="PASS" starttime="20231114 17:55:32.304" endtime="20231114 17:55:32.306"/>
</kw>
<kw name="Get Regexp Matches" library="String">
<var>${contains}</var>
<arg>${text}</arg>
<arg>${symbol}</arg>
<doc>Returns a list of all non-overlapping matches in the given string.</doc>
<msg timestamp="20231114 17:55:32.308" level="INFO">${contains} = ['_RANDOM_']</msg>
<status status="PASS" starttime="20231114 17:55:32.307" endtime="20231114 17:55:32.308"/>
</kw>
<kw name="Get Length" library="BuiltIn">
<var>${cnt}</var>
<arg>${contains}</arg>
<doc>Returns and logs the length of the given item as an integer.</doc>
<msg timestamp="20231114 17:55:32.311" level="INFO">Length is 1</msg>
<msg timestamp="20231114 17:55:32.311" level="INFO">${cnt} = 1</msg>
<status status="PASS" starttime="20231114 17:55:32.309" endtime="20231114 17:55:32.312"/>
</kw>
<if>
<branch type="IF" condition="${cntS} &gt; 0">
<kw name="Set Variable" library="BuiltIn">
<var>${new_text}</var>
<arg>${STATE["${containsS[0]}"]}</arg>
<doc>Returns the given values which can then be assigned to a variables.</doc>
<status status="NOT RUN" starttime="20231114 17:55:32.314" endtime="20231114 17:55:32.315"/>
</kw>
<kw name="Set Variable" library="BuiltIn">
<var>${symbol}</var>
<arg>_@${containsS[0]}@_</arg>
<doc>Returns the given values which can then be assigned to a variables.</doc>
<status status="NOT RUN" starttime="20231114 17:55:32.316" endtime="20231114 17:55:32.317"/>
</kw>
<status status="NOT RUN" starttime="20231114 17:55:32.313" endtime="20231114 17:55:32.317"/>
</branch>
<branch type="ELSE IF" condition="${cnt} &gt; 0 and '${type}' == 'test name'">
<kw name="Sentence" library="FakerLibrary">
<var>${random}</var>
<arg>nb_words=3</arg>
<doc>Generate a sentence.</doc>
<msg timestamp="20231114 17:55:32.324" level="INFO">${random} = Illum facilis blanditiis.</msg>
<status status="PASS" starttime="20231114 17:55:32.319" endtime="20231114 17:55:32.324"/>
</kw>
<kw name="Split String" library="String">
<var>${words}</var>
<arg>${TEST NAME}</arg>
<arg>${SPACE}</arg>
<doc>Splits the ``string`` using ``separator`` as a delimiter string.</doc>
<msg timestamp="20231114 17:55:32.347" level="INFO">${words} = ['IA_41', 'Verify', 'the', 'ability', 'of', 'showing', 'password', 'when', 'in', 'the', '"Xác', 'nhận', 'mật', 'khẩu"', 'field']</msg>
<status status="PASS" starttime="20231114 17:55:32.325" endtime="20231114 17:55:32.347"/>
</kw>
<kw name="Set Variable" library="BuiltIn">
<var>${new_text}</var>
<arg>${words[0]} ${random}</arg>
<doc>Returns the given values which can then be assigned to a variables.</doc>
<msg timestamp="20231114 17:55:32.352" level="INFO">${new_text} = IA_41 Illum facilis blanditiis.</msg>
<status status="PASS" starttime="20231114 17:55:32.348" endtime="20231114 17:55:32.352"/>
</kw>
<status status="PASS" starttime="20231114 17:55:32.318" endtime="20231114 17:55:32.353"/>
</branch>
<branch type="ELSE IF" condition="${cnt} &gt; 0 and '${type}' == 'number'">
<kw name="Random Int" library="FakerLibrary">
<var>${new_text}</var>
<doc>Generate a random integer between two integers ``min`` and ``max`` inclusive
while observing the provided ``step`` value.</doc>
<status status="NOT RUN" starttime="20231114 17:55:32.356" endtime="20231114 17:55:32.357"/>
</kw>
<kw name="Convert To String" library="BuiltIn">
<var>${new_text}</var>
<arg>${new_text}</arg>
<doc>Converts the given item to a Unicode string.</doc>
<status status="NOT RUN" starttime="20231114 17:55:32.358" endtime="20231114 17:55:32.359"/>
</kw>
<status status="NOT RUN" starttime="20231114 17:55:32.355" endtime="20231114 17:55:32.360"/>
</branch>
<branch type="ELSE IF" condition="${cnt} &gt; 0 and '${type}' == 'percentage'">
<kw name="Random Int" library="FakerLibrary">
<var>${new_text}</var>
<arg>max=100</arg>
<doc>Generate a random integer between two integers ``min`` and ``max`` inclusive
while observing the provided ``step`` value.</doc>
<status status="NOT RUN" starttime="20231114 17:55:32.362" endtime="20231114 17:55:32.363"/>
</kw>
<kw name="Convert To String" library="BuiltIn">
<var>${new_text}</var>
<arg>${new_text}</arg>
<doc>Converts the given item to a Unicode string.</doc>
<status status="NOT RUN" starttime="20231114 17:55:32.364" endtime="20231114 17:55:32.365"/>
</kw>
<status status="NOT RUN" starttime="20231114 17:55:32.361" endtime="20231114 17:55:32.366"/>
</branch>
<branch type="ELSE IF" condition="${cnt} &gt; 0 and '${type}' == 'paragraph'">
<kw name="Paragraph" library="FakerLibrary">
<var>${new_text}</var>
<doc>Generate a paragraph.</doc>
<status status="NOT RUN" starttime="20231114 17:55:32.368" endtime="20231114 17:55:32.369"/>
</kw>
<status status="NOT RUN" starttime="20231114 17:55:32.367" endtime="20231114 17:55:32.370"/>
</branch>
<branch type="ELSE IF" condition="${cnt} &gt; 0 and '${type}' == 'email'">
<kw name="Email" library="FakerLibrary">
<var>${new_text}</var>
<status status="NOT RUN" starttime="20231114 17:55:32.372" endtime="20231114 17:55:32.384"/>
</kw>
<status status="NOT RUN" starttime="20231114 17:55:32.370" endtime="20231114 17:55:32.385"/>
</branch>
<branch type="ELSE IF" condition="${cnt} &gt; 0 and '${type}' == 'phone'">
<kw name="Random Int" library="FakerLibrary">
<var>${new_text}</var>
<arg>min=2000000000</arg>
<arg>max=9999999999</arg>
<doc>Generate a random integer between two integers ``min`` and ``max`` inclusive
while observing the provided ``step`` value.</doc>
<status status="NOT RUN" starttime="20231114 17:55:32.386" endtime="20231114 17:55:32.397"/>
</kw>
<kw name="Convert To String" library="BuiltIn">
<var>${new_text}</var>
<arg>${new_text}</arg>
<doc>Converts the given item to a Unicode string.</doc>
<status status="NOT RUN" starttime="20231114 17:55:32.401" endtime="20231114 17:55:32.402"/>
</kw>
<kw name="Catenate" library="BuiltIn">
<var>${new_text}</var>
<arg>SEPARATOR=</arg>
<arg>0</arg>
<arg>${new_text}</arg>
<doc>Catenates the given items together and returns the resulted string.</doc>
<status status="NOT RUN" starttime="20231114 17:55:32.406" endtime="20231114 17:55:32.407"/>
</kw>
<status status="NOT RUN" starttime="20231114 17:55:32.386" endtime="20231114 17:55:32.408"/>
</branch>
<branch type="ELSE IF" condition="${cnt} &gt; 0 and '${type}' == 'color'">
<kw name="Safe Hex Color" library="FakerLibrary">
<var>${new_text}</var>
<doc>Generate a web-safe color formatted as a hex triplet.</doc>
<status status="NOT RUN" starttime="20231114 17:55:32.411" endtime="20231114 17:55:32.413"/>
</kw>
<status status="NOT RUN" starttime="20231114 17:55:32.409" endtime="20231114 17:55:32.414"/>
</branch>
<branch type="ELSE IF" condition="${cnt} &gt; 0 and &quot;${type}&quot; == 'password'">
<kw name="Password" library="FakerLibrary">
<var>${new_text}</var>
<arg>10</arg>
<arg>True</arg>
<arg>True</arg>
<arg>True</arg>
<arg>True</arg>
<doc>Generate a random password of the specified ``length``.</doc>
<status status="NOT RUN" starttime="20231114 17:55:32.420" endtime="20231114 17:55:32.425"/>
</kw>
<status status="NOT RUN" starttime="20231114 17:55:32.416" endtime="20231114 17:55:32.427"/>
</branch>
<branch type="ELSE IF" condition="${cnt} &gt; 0 and '${type}' == 'date'">
<kw name="Date" library="FakerLibrary">
<var>${new_text}</var>
<arg>pattern=%d-%m-%Y</arg>
<doc>Get a date string between January 1, 1970 and now.</doc>
<status status="NOT RUN" starttime="20231114 17:55:32.429" endtime="20231114 17:55:32.430"/>
</kw>
<status status="NOT RUN" starttime="20231114 17:55:32.428" endtime="20231114 17:55:32.431"/>
</branch>
<branch type="ELSE IF" condition="${cnt} &gt; 0 and '${type}' == 'word'">
<kw name="Sentence" library="FakerLibrary">
<var>${new_text}</var>
<arg>nb_words=2</arg>
<doc>Generate a sentence.</doc>
<status status="NOT RUN" starttime="20231114 17:55:32.433" endtime="20231114 17:55:32.434"/>
</kw>
<status status="NOT RUN" starttime="20231114 17:55:32.432" endtime="20231114 17:55:32.434"/>
</branch>
<branch type="ELSE IF" condition="${cnt} &gt; 0">
<kw name="Sentence" library="FakerLibrary">
<var>${new_text}</var>
<doc>Generate a sentence.</doc>
<status status="NOT RUN" starttime="20231114 17:55:32.437" endtime="20231114 17:55:32.442"/>
</kw>
<status status="NOT RUN" starttime="20231114 17:55:32.436" endtime="20231114 17:55:32.444"/>
</branch>
<status status="PASS" starttime="20231114 17:55:32.312" endtime="20231114 17:55:32.444"/>
</if>
<kw name="Get Length" library="BuiltIn">
<var>${cnt}</var>
<arg>${text}</arg>
<doc>Returns and logs the length of the given item as an integer.</doc>
<msg timestamp="20231114 17:55:32.446" level="INFO">Length is 8</msg>
<msg timestamp="20231114 17:55:32.447" level="INFO">${cnt} = 8</msg>
<status status="PASS" starttime="20231114 17:55:32.445" endtime="20231114 17:55:32.447"/>
</kw>
<if>
<branch type="IF" condition="${cnt} &gt; 0">
<kw name="Replace String" library="String">
<var>${text}</var>
<arg>${text}</arg>
<arg>${symbol}</arg>
<arg>${new_text}</arg>
<doc>Replaces ``search_for`` in the given ``string`` with ``replace_with``.</doc>
<msg timestamp="20231114 17:55:32.454" level="INFO">${text} = IA_41 Illum facilis blanditiis.</msg>
<status status="PASS" starttime="20231114 17:55:32.452" endtime="20231114 17:55:32.455"/>
</kw>
<status status="PASS" starttime="20231114 17:55:32.449" endtime="20231114 17:55:32.456"/>
</branch>
<status status="PASS" starttime="20231114 17:55:32.448" endtime="20231114 17:55:32.458"/>
</if>
<msg timestamp="20231114 17:55:32.460" level="INFO">${text} = IA_41 Illum facilis blanditiis.</msg>
<status status="PASS" starttime="20231114 17:55:32.295" endtime="20231114 17:55:32.460"/>
</kw>
<kw name="Get Element Form Item By Name" library="common">
<var>${element}</var>
<arg>${name}</arg>
<arg>//input[contains(@class, "ant-input")]</arg>
<msg timestamp="20231114 17:55:32.463" level="INFO">${element} = xpath=//*[contains(@class, "ant-form-item-label")]/label[text()="Họ và tên"]/../../*[contains(@class, "ant-form-item")]//input[contains(@class, "ant-input")]</msg>
<status status="PASS" starttime="20231114 17:55:32.461" endtime="20231114 17:55:32.463"/>
</kw>
<kw name="Clear Text" library="Browser">
<arg>${element}</arg>
<tag>PageContent</tag>
<tag>Setter</tag>
<doc>Clears the text field found by ``selector``.</doc>
<status status="PASS" starttime="20231114 17:55:32.464" endtime="20231114 17:55:32.525"/>
</kw>
<kw name="Fill Text" library="Browser">
<arg>${element}</arg>
<arg>${text}</arg>
<arg>True</arg>
<tag>PageContent</tag>
<tag>Setter</tag>
<doc>Clears and fills the given ``txt`` into the text field found by ``selector``.</doc>
<msg timestamp="20231114 17:55:32.529" level="INFO">Fills the text 'IA_41 Illum facilis blanditiis.' in the given field.</msg>
<status status="PASS" starttime="20231114 17:55:32.527" endtime="20231114 17:55:32.613"/>
</kw>
<kw name="Get Length" library="BuiltIn">
<var>${cnt}</var>
<arg>${text}</arg>
<doc>Returns and logs the length of the given item as an integer.</doc>
<msg timestamp="20231114 17:55:32.615" level="INFO">Length is 31</msg>
<msg timestamp="20231114 17:55:32.616" level="INFO">${cnt} = 31</msg>
<status status="PASS" starttime="20231114 17:55:32.614" endtime="20231114 17:55:32.616"/>
</kw>
<if>
<branch type="IF" condition="${cnt} &gt; 0">
<kw name="Set Global Variable" library="BuiltIn">
<arg>${STATE["${name}"]}</arg>
<arg>${text}</arg>
<doc>Makes a variable available globally in all tests and suites.</doc>
<msg timestamp="20231114 17:55:32.623" level="INFO">${STATE["Họ và tên"]} = IA_41 Illum facilis blanditiis.</msg>
<status status="PASS" starttime="20231114 17:55:32.619" endtime="20231114 17:55:32.624"/>
</kw>
<status status="PASS" starttime="20231114 17:55:32.617" endtime="20231114 17:55:32.625"/>
</branch>
<status status="PASS" starttime="20231114 17:55:32.617" endtime="20231114 17:55:32.626"/>
</if>
<status status="PASS" starttime="20231114 17:55:32.293" endtime="20231114 17:55:32.627"/>
</kw>
<kw name="Check Text" library="common">
<var>${text}</var>
<arg>_@Họ và tên@_</arg>
<kw name="Get Regexp Matches" library="String">
<var>${containsS}</var>
<arg>${text}</arg>
<arg>_@(.+)@_</arg>
<arg>1</arg>
<doc>Returns a list of all non-overlapping matches in the given string.</doc>
<msg timestamp="20231114 17:55:32.631" level="INFO">${containsS} = ['Họ và tên']</msg>
<status status="PASS" starttime="20231114 17:55:32.630" endtime="20231114 17:55:32.632"/>
</kw>
<kw name="Get Length" library="BuiltIn">
<var>${cntS}</var>
<arg>${containsS}</arg>
<doc>Returns and logs the length of the given item as an integer.</doc>
<msg timestamp="20231114 17:55:32.634" level="INFO">Length is 1</msg>
<msg timestamp="20231114 17:55:32.634" level="INFO">${cntS} = 1</msg>
<status status="PASS" starttime="20231114 17:55:32.633" endtime="20231114 17:55:32.635"/>
</kw>
<if>
<branch type="IF" condition="${cntS} &gt; 0">
<kw name="Set Variable" library="BuiltIn">
<var>${text}</var>
<arg>${STATE["${containsS[0]}"]}</arg>
<doc>Returns the given values which can then be assigned to a variables.</doc>
<msg timestamp="20231114 17:55:32.644" level="INFO">${text} = IA_41 Illum facilis blanditiis.</msg>
<status status="PASS" starttime="20231114 17:55:32.638" endtime="20231114 17:55:32.644"/>
</kw>
<status status="PASS" starttime="20231114 17:55:32.636" endtime="20231114 17:55:32.645"/>
</branch>
<status status="PASS" starttime="20231114 17:55:32.636" endtime="20231114 17:55:32.646"/>
</if>
<msg timestamp="20231114 17:55:32.647" level="INFO">${text} = IA_41 Illum facilis blanditiis.</msg>
<status status="PASS" starttime="20231114 17:55:32.628" endtime="20231114 17:55:32.649"/>
</kw>
<kw name="Set Variable" library="BuiltIn">
<var>${name}</var>
<arg>${text}</arg>
<doc>Returns the given values which can then be assigned to a variables.</doc>
<msg timestamp="20231114 17:55:32.652" level="INFO">${name} = IA_41 Illum facilis blanditiis.</msg>
<status status="PASS" starttime="20231114 17:55:32.650" endtime="20231114 17:55:32.653"/>
</kw>
<kw name="Enter &quot;email&quot; in &quot;Email&quot; with &quot;_RANDOM_&quot;" library="common" sourcename="Enter &quot;${type}&quot; in &quot;${name}&quot; with &quot;${text}&quot;">
<kw name="Get Random Text" library="common">
<var>${text}</var>
<arg>${type}</arg>
<arg>${text}</arg>
<kw name="Set Variable" library="BuiltIn">
<var>${symbol}</var>
<arg>_RANDOM_</arg>
<doc>Returns the given values which can then be assigned to a variables.</doc>
<msg timestamp="20231114 17:55:32.663" level="INFO">${symbol} = _RANDOM_</msg>
<status status="PASS" starttime="20231114 17:55:32.662" endtime="20231114 17:55:32.664"/>
</kw>
<kw name="Set Variable" library="BuiltIn">
<var>${new_text}</var>
<doc>Returns the given values which can then be assigned to a variables.</doc>
<msg timestamp="20231114 17:55:32.666" level="INFO">${new_text} = </msg>
<status status="PASS" starttime="20231114 17:55:32.665" endtime="20231114 17:55:32.667"/>
</kw>
<kw name="Get Regexp Matches" library="String">
<var>${containsS}</var>
<arg>${text}</arg>
<arg>_@(.+)@_</arg>
<arg>1</arg>
<doc>Returns a list of all non-overlapping matches in the given string.</doc>
<msg timestamp="20231114 17:55:32.670" level="INFO">${containsS} = []</msg>
<status status="PASS" starttime="20231114 17:55:32.668" endtime="20231114 17:55:32.670"/>
</kw>
<kw name="Get Length" library="BuiltIn">
<var>${cntS}</var>
<arg>${containsS}</arg>
<doc>Returns and logs the length of the given item as an integer.</doc>
<msg timestamp="20231114 17:55:32.678" level="INFO">Length is 0</msg>
<msg timestamp="20231114 17:55:32.680" level="INFO">${cntS} = 0</msg>
<status status="PASS" starttime="20231114 17:55:32.677" endtime="20231114 17:55:32.680"/>
</kw>
<kw name="Get Regexp Matches" library="String">
<var>${contains}</var>
<arg>${text}</arg>
<arg>${symbol}</arg>
<doc>Returns a list of all non-overlapping matches in the given string.</doc>
<msg timestamp="20231114 17:55:32.683" level="INFO">${contains} = ['_RANDOM_']</msg>
<status status="PASS" starttime="20231114 17:55:32.681" endtime="20231114 17:55:32.683"/>
</kw>
<kw name="Get Length" library="BuiltIn">
<var>${cnt}</var>
<arg>${contains}</arg>
<doc>Returns and logs the length of the given item as an integer.</doc>
<msg timestamp="20231114 17:55:32.686" level="INFO">Length is 1</msg>
<msg timestamp="20231114 17:55:32.687" level="INFO">${cnt} = 1</msg>
<status status="PASS" starttime="20231114 17:55:32.685" endtime="20231114 17:55:32.691"/>
</kw>
<if>
<branch type="IF" condition="${cntS} &gt; 0">
<kw name="Set Variable" library="BuiltIn">
<var>${new_text}</var>
<arg>${STATE["${containsS[0]}"]}</arg>
<doc>Returns the given values which can then be assigned to a variables.</doc>
<status status="NOT RUN" starttime="20231114 17:55:32.696" endtime="20231114 17:55:32.697"/>
</kw>
<kw name="Set Variable" library="BuiltIn">
<var>${symbol}</var>
<arg>_@${containsS[0]}@_</arg>
<doc>Returns the given values which can then be assigned to a variables.</doc>
<status status="NOT RUN" starttime="20231114 17:55:32.699" endtime="20231114 17:55:32.700"/>
</kw>
<status status="NOT RUN" starttime="20231114 17:55:32.694" endtime="20231114 17:55:32.701"/>
</branch>
<branch type="ELSE IF" condition="${cnt} &gt; 0 and '${type}' == 'test name'">
<kw name="Sentence" library="FakerLibrary">
<var>${random}</var>
<arg>nb_words=3</arg>
<doc>Generate a sentence.</doc>
<status status="NOT RUN" starttime="20231114 17:55:32.703" endtime="20231114 17:55:32.704"/>
</kw>
<kw name="Split String" library="String">
<var>${words}</var>
<arg>${TEST NAME}</arg>
<arg>${SPACE}</arg>
<doc>Splits the ``string`` using ``separator`` as a delimiter string.</doc>
<status status="NOT RUN" starttime="20231114 17:55:32.708" endtime="20231114 17:55:32.709"/>
</kw>
<kw name="Set Variable" library="BuiltIn">
<var>${new_text}</var>
<arg>${words[0]} ${random}</arg>
<doc>Returns the given values which can then be assigned to a variables.</doc>
<status status="NOT RUN" starttime="20231114 17:55:32.711" endtime="20231114 17:55:32.712"/>
</kw>
<status status="NOT RUN" starttime="20231114 17:55:32.702" endtime="20231114 17:55:32.712"/>
</branch>
<branch type="ELSE IF" condition="${cnt} &gt; 0 and '${type}' == 'number'">
<kw name="Random Int" library="FakerLibrary">
<var>${new_text}</var>
<doc>Generate a random integer between two integers ``min`` and ``max`` inclusive
while observing the provided ``step`` value.</doc>
<status status="NOT RUN" starttime="20231114 17:55:32.715" endtime="20231114 17:55:32.716"/>
</kw>
<kw name="Convert To String" library="BuiltIn">
<var>${new_text}</var>
<arg>${new_text}</arg>
<doc>Converts the given item to a Unicode string.</doc>
<status status="NOT RUN" starttime="20231114 17:55:32.717" endtime="20231114 17:55:32.718"/>
</kw>
<status status="NOT RUN" starttime="20231114 17:55:32.713" endtime="20231114 17:55:32.718"/>
</branch>
<branch type="ELSE IF" condition="${cnt} &gt; 0 and '${type}' == 'percentage'">
<kw name="Random Int" library="FakerLibrary">
<var>${new_text}</var>
<arg>max=100</arg>
<doc>Generate a random integer between two integers ``min`` and ``max`` inclusive
while observing the provided ``step`` value.</doc>
<status status="NOT RUN" starttime="20231114 17:55:32.721" endtime="20231114 17:55:32.724"/>
</kw>
<kw name="Convert To String" library="BuiltIn">
<var>${new_text}</var>
<arg>${new_text}</arg>
<doc>Converts the given item to a Unicode string.</doc>
<status status="NOT RUN" starttime="20231114 17:55:32.725" endtime="20231114 17:55:32.726"/>
</kw>
<status status="NOT RUN" starttime="20231114 17:55:32.719" endtime="20231114 17:55:32.727"/>
</branch>
<branch type="ELSE IF" condition="${cnt} &gt; 0 and '${type}' == 'paragraph'">
<kw name="Paragraph" library="FakerLibrary">
<var>${new_text}</var>
<doc>Generate a paragraph.</doc>
<status status="NOT RUN" starttime="20231114 17:55:32.729" endtime="20231114 17:55:32.731"/>
</kw>
<status status="NOT RUN" starttime="20231114 17:55:32.728" endtime="20231114 17:55:32.731"/>
</branch>
<branch type="ELSE IF" condition="${cnt} &gt; 0 and '${type}' == 'email'">
<kw name="Email" library="FakerLibrary">
<var>${new_text}</var>
<msg timestamp="20231114 17:55:32.735" level="INFO">${new_text} = kkadakia@example.net</msg>
<status status="PASS" starttime="20231114 17:55:32.734" endtime="20231114 17:55:32.736"/>
</kw>
<status status="PASS" starttime="20231114 17:55:32.732" endtime="20231114 17:55:32.736"/>
</branch>
<branch type="ELSE IF" condition="${cnt} &gt; 0 and '${type}' == 'phone'">
<kw name="Random Int" library="FakerLibrary">
<var>${new_text}</var>
<arg>min=2000000000</arg>
<arg>max=9999999999</arg>
<doc>Generate a random integer between two integers ``min`` and ``max`` inclusive
while observing the provided ``step`` value.</doc>
<status status="NOT RUN" starttime="20231114 17:55:32.740" endtime="20231114 17:55:32.741"/>
</kw>
<kw name="Convert To String" library="BuiltIn">
<var>${new_text}</var>
<arg>${new_text}</arg>
<doc>Converts the given item to a Unicode string.</doc>
<status status="NOT RUN" starttime="20231114 17:55:32.742" endtime="20231114 17:55:32.743"/>
</kw>
<kw name="Catenate" library="BuiltIn">
<var>${new_text}</var>
<arg>SEPARATOR=</arg>
<arg>0</arg>
<arg>${new_text}</arg>
<doc>Catenates the given items together and returns the resulted string.</doc>
<status status="NOT RUN" starttime="20231114 17:55:32.744" endtime="20231114 17:55:32.745"/>
</kw>
<status status="NOT RUN" starttime="20231114 17:55:32.737" endtime="20231114 17:55:32.745"/>
</branch>
<branch type="ELSE IF" condition="${cnt} &gt; 0 and '${type}' == 'color'">
<kw name="Safe Hex Color" library="FakerLibrary">
<var>${new_text}</var>
<doc>Generate a web-safe color formatted as a hex triplet.</doc>
<status status="NOT RUN" starttime="20231114 17:55:32.747" endtime="20231114 17:55:32.748"/>
</kw>
<status status="NOT RUN" starttime="20231114 17:55:32.746" endtime="20231114 17:55:32.749"/>
</branch>
<branch type="ELSE IF" condition="${cnt} &gt; 0 and &quot;${type}&quot; == 'password'">
<kw name="Password" library="FakerLibrary">
<var>${new_text}</var>
<arg>10</arg>
<arg>True</arg>
<arg>True</arg>
<arg>True</arg>
<arg>True</arg>
<doc>Generate a random password of the specified ``length``.</doc>
<status status="NOT RUN" starttime="20231114 17:55:32.750" endtime="20231114 17:55:32.752"/>
</kw>
<status status="NOT RUN" starttime="20231114 17:55:32.749" endtime="20231114 17:55:32.752"/>
</branch>
<branch type="ELSE IF" condition="${cnt} &gt; 0 and '${type}' == 'date'">
<kw name="Date" library="FakerLibrary">
<var>${new_text}</var>
<arg>pattern=%d-%m-%Y</arg>
<doc>Get a date string between January 1, 1970 and now.</doc>
<status status="NOT RUN" starttime="20231114 17:55:32.753" endtime="20231114 17:55:32.758"/>
</kw>
<status status="NOT RUN" starttime="20231114 17:55:32.753" endtime="20231114 17:55:32.758"/>
</branch>
<branch type="ELSE IF" condition="${cnt} &gt; 0 and '${type}' == 'word'">
<kw name="Sentence" library="FakerLibrary">
<var>${new_text}</var>
<arg>nb_words=2</arg>
<doc>Generate a sentence.</doc>
<status status="NOT RUN" starttime="20231114 17:55:32.760" endtime="20231114 17:55:32.761"/>
</kw>
<status status="NOT RUN" starttime="20231114 17:55:32.759" endtime="20231114 17:55:32.771"/>
</branch>
<branch type="ELSE IF" condition="${cnt} &gt; 0">
<kw name="Sentence" library="FakerLibrary">
<var>${new_text}</var>
<doc>Generate a sentence.</doc>
<status status="NOT RUN" starttime="20231114 17:55:32.775" endtime="20231114 17:55:32.776"/>
</kw>
<status status="NOT RUN" starttime="20231114 17:55:32.774" endtime="20231114 17:55:32.777"/>
</branch>
<status status="PASS" starttime="20231114 17:55:32.694" endtime="20231114 17:55:32.777"/>
</if>
<kw name="Get Length" library="BuiltIn">
<var>${cnt}</var>
<arg>${text}</arg>
<doc>Returns and logs the length of the given item as an integer.</doc>
<msg timestamp="20231114 17:55:32.786" level="INFO">Length is 8</msg>
<msg timestamp="20231114 17:55:32.787" level="INFO">${cnt} = 8</msg>
<status status="PASS" starttime="20231114 17:55:32.784" endtime="20231114 17:55:32.787"/>
</kw>
<if>
<branch type="IF" condition="${cnt} &gt; 0">
<kw name="Replace String" library="String">
<var>${text}</var>
<arg>${text}</arg>
<arg>${symbol}</arg>
<arg>${new_text}</arg>
<doc>Replaces ``search_for`` in the given ``string`` with ``replace_with``.</doc>
<msg timestamp="20231114 17:55:32.795" level="INFO">${text} = kkadakia@example.net</msg>
<status status="PASS" starttime="20231114 17:55:32.793" endtime="20231114 17:55:32.796"/>
</kw>
<status status="PASS" starttime="20231114 17:55:32.791" endtime="20231114 17:55:32.797"/>
</branch>
<status status="PASS" starttime="20231114 17:55:32.791" endtime="20231114 17:55:32.798"/>
</if>
<msg timestamp="20231114 17:55:32.799" level="INFO">${text} = kkadakia@example.net</msg>
<status status="PASS" starttime="20231114 17:55:32.658" endtime="20231114 17:55:32.800"/>
</kw>
<kw name="Get Element Form Item By Name" library="common">
<var>${element}</var>
<arg>${name}</arg>
<arg>//input[contains(@class, "ant-input")]</arg>
<msg timestamp="20231114 17:55:32.808" level="INFO">${element} = xpath=//*[contains(@class, "ant-form-item-label")]/label[text()="Email"]/../../*[contains(@class, "ant-form-item")]//input[contains(@class, "ant-input")]</msg>
<status status="PASS" starttime="20231114 17:55:32.801" endtime="20231114 17:55:32.808"/>
</kw>
<kw name="Clear Text" library="Browser">
<arg>${element}</arg>
<tag>PageContent</tag>
<tag>Setter</tag>
<doc>Clears the text field found by ``selector``.</doc>
<status status="PASS" starttime="20231114 17:55:32.810" endtime="20231114 17:55:32.864"/>
</kw>
<kw name="Fill Text" library="Browser">
<arg>${element}</arg>
<arg>${text}</arg>
<arg>True</arg>
<tag>PageContent</tag>
<tag>Setter</tag>
<doc>Clears and fills the given ``txt`` into the text field found by ``selector``.</doc>
<msg timestamp="20231114 17:55:32.867" level="INFO">Fills the text 'kkadakia@example.net' in the given field.</msg>
<status status="PASS" starttime="20231114 17:55:32.865" endtime="20231114 17:55:32.934"/>
</kw>
<kw name="Get Length" library="BuiltIn">
<var>${cnt}</var>
<arg>${text}</arg>
<doc>Returns and logs the length of the given item as an integer.</doc>
<msg timestamp="20231114 17:55:32.937" level="INFO">Length is 20</msg>
<msg timestamp="20231114 17:55:32.938" level="INFO">${cnt} = 20</msg>
<status status="PASS" starttime="20231114 17:55:32.935" endtime="20231114 17:55:32.938"/>
</kw>
<if>
<branch type="IF" condition="${cnt} &gt; 0">
<kw name="Set Global Variable" library="BuiltIn">
<arg>${STATE["${name}"]}</arg>
<arg>${text}</arg>
<doc>Makes a variable available globally in all tests and suites.</doc>
<msg timestamp="20231114 17:55:32.943" level="INFO">${STATE["Email"]} = kkadakia@example.net</msg>
<status status="PASS" starttime="20231114 17:55:32.941" endtime="20231114 17:55:32.944"/>
</kw>
<status status="PASS" starttime="20231114 17:55:32.940" endtime="20231114 17:55:32.944"/>
</branch>
<status status="PASS" starttime="20231114 17:55:32.940" endtime="20231114 17:55:32.945"/>
</if>
<status status="PASS" starttime="20231114 17:55:32.654" endtime="20231114 17:55:32.946"/>
</kw>
<kw name="Enter &quot;phone&quot; in &quot;Số điện thoại&quot; with &quot;_RANDOM_&quot;" library="common" sourcename="Enter &quot;${type}&quot; in &quot;${name}&quot; with &quot;${text}&quot;">
<kw name="Get Random Text" library="common">
<var>${text}</var>
<arg>${type}</arg>
<arg>${text}</arg>
<kw name="Set Variable" library="BuiltIn">
<var>${symbol}</var>
<arg>_RANDOM_</arg>
<doc>Returns the given values which can then be assigned to a variables.</doc>
<msg timestamp="20231114 17:55:32.951" level="INFO">${symbol} = _RANDOM_</msg>
<status status="PASS" starttime="20231114 17:55:32.950" endtime="20231114 17:55:32.952"/>
</kw>
<kw name="Set Variable" library="BuiltIn">
<var>${new_text}</var>
<doc>Returns the given values which can then be assigned to a variables.</doc>
<msg timestamp="20231114 17:55:32.953" level="INFO">${new_text} = </msg>
<status status="PASS" starttime="20231114 17:55:32.952" endtime="20231114 17:55:32.954"/>
</kw>
<kw name="Get Regexp Matches" library="String">
<var>${containsS}</var>
<arg>${text}</arg>
<arg>_@(.+)@_</arg>
<arg>1</arg>
<doc>Returns a list of all non-overlapping matches in the given string.</doc>
<msg timestamp="20231114 17:55:32.956" level="INFO">${containsS} = []</msg>
<status status="PASS" starttime="20231114 17:55:32.955" endtime="20231114 17:55:32.957"/>
</kw>
<kw name="Get Length" library="BuiltIn">
<var>${cntS}</var>
<arg>${containsS}</arg>
<doc>Returns and logs the length of the given item as an integer.</doc>
<msg timestamp="20231114 17:55:32.959" level="INFO">Length is 0</msg>
<msg timestamp="20231114 17:55:32.960" level="INFO">${cntS} = 0</msg>
<status status="PASS" starttime="20231114 17:55:32.957" endtime="20231114 17:55:32.960"/>
</kw>
<kw name="Get Regexp Matches" library="String">
<var>${contains}</var>
<arg>${text}</arg>
<arg>${symbol}</arg>
<doc>Returns a list of all non-overlapping matches in the given string.</doc>
<msg timestamp="20231114 17:55:32.963" level="INFO">${contains} = ['_RANDOM_']</msg>
<status status="PASS" starttime="20231114 17:55:32.961" endtime="20231114 17:55:32.963"/>
</kw>
<kw name="Get Length" library="BuiltIn">
<var>${cnt}</var>
<arg>${contains}</arg>
<doc>Returns and logs the length of the given item as an integer.</doc>
<msg timestamp="20231114 17:55:32.965" level="INFO">Length is 1</msg>
<msg timestamp="20231114 17:55:32.965" level="INFO">${cnt} = 1</msg>
<status status="PASS" starttime="20231114 17:55:32.964" endtime="20231114 17:55:32.966"/>
</kw>
<if>
<branch type="IF" condition="${cntS} &gt; 0">
<kw name="Set Variable" library="BuiltIn">
<var>${new_text}</var>
<arg>${STATE["${containsS[0]}"]}</arg>
<doc>Returns the given values which can then be assigned to a variables.</doc>
<status status="NOT RUN" starttime="20231114 17:55:32.968" endtime="20231114 17:55:32.969"/>
</kw>
<kw name="Set Variable" library="BuiltIn">
<var>${symbol}</var>
<arg>_@${containsS[0]}@_</arg>
<doc>Returns the given values which can then be assigned to a variables.</doc>
<status status="NOT RUN" starttime="20231114 17:55:32.969" endtime="20231114 17:55:32.970"/>
</kw>
<status status="NOT RUN" starttime="20231114 17:55:32.967" endtime="20231114 17:55:32.971"/>
</branch>
<branch type="ELSE IF" condition="${cnt} &gt; 0 and '${type}' == 'test name'">
<kw name="Sentence" library="FakerLibrary">
<var>${random}</var>
<arg>nb_words=3</arg>
<doc>Generate a sentence.</doc>
<status status="NOT RUN" starttime="20231114 17:55:32.973" endtime="20231114 17:55:32.974"/>
</kw>
<kw name="Split String" library="String">
<var>${words}</var>
<arg>${TEST NAME}</arg>
<arg>${SPACE}</arg>
<doc>Splits the ``string`` using ``separator`` as a delimiter string.</doc>
<status status="NOT RUN" starttime="20231114 17:55:32.975" endtime="20231114 17:55:32.976"/>
</kw>
<kw name="Set Variable" library="BuiltIn">
<var>${new_text}</var>
<arg>${words[0]} ${random}</arg>
<doc>Returns the given values which can then be assigned to a variables.</doc>
<status status="NOT RUN" starttime="20231114 17:55:32.977" endtime="20231114 17:55:32.978"/>
</kw>
<status status="NOT RUN" starttime="20231114 17:55:32.972" endtime="20231114 17:55:32.979"/>
</branch>
<branch type="ELSE IF" condition="${cnt} &gt; 0 and '${type}' == 'number'">
<kw name="Random Int" library="FakerLibrary">
<var>${new_text}</var>
<doc>Generate a random integer between two integers ``min`` and ``max`` inclusive
while observing the provided ``step`` value.</doc>
<status status="NOT RUN" starttime="20231114 17:55:32.981" endtime="20231114 17:55:32.982"/>
</kw>
<kw name="Convert To String" library="BuiltIn">
<var>${new_text}</var>
<arg>${new_text}</arg>
<doc>Converts the given item to a Unicode string.</doc>
<status status="NOT RUN" starttime="20231114 17:55:32.983" endtime="20231114 17:55:32.984"/>
</kw>
<status status="NOT RUN" starttime="20231114 17:55:32.980" endtime="20231114 17:55:32.985"/>
</branch>
<branch type="ELSE IF" condition="${cnt} &gt; 0 and '${type}' == 'percentage'">
<kw name="Random Int" library="FakerLibrary">
<var>${new_text}</var>
<arg>max=100</arg>
<doc>Generate a random integer between two integers ``min`` and ``max`` inclusive
while observing the provided ``step`` value.</doc>
<status status="NOT RUN" starttime="20231114 17:55:32.986" endtime="20231114 17:55:32.987"/>
</kw>
<kw name="Convert To String" library="BuiltIn">
<var>${new_text}</var>
<arg>${new_text}</arg>
<doc>Converts the given item to a Unicode string.</doc>
<status status="NOT RUN" starttime="20231114 17:55:32.989" endtime="20231114 17:55:32.990"/>
</kw>
<status status="NOT RUN" starttime="20231114 17:55:32.985" endtime="20231114 17:55:32.990"/>
</branch>
<branch type="ELSE IF" condition="${cnt} &gt; 0 and '${type}' == 'paragraph'">
<kw name="Paragraph" library="FakerLibrary">
[...]
<status status="PASS" starttime="20231114 17:55:37.517" endtime="20231114 17:55:37.519"/>
</kw>
<status status="PASS" starttime="20231114 17:55:37.516" endtime="20231114 17:55:37.520"/>
</branch>
<status status="PASS" starttime="20231114 17:55:37.516" endtime="20231114 17:55:37.530"/>
</if>
<msg timestamp="20231114 17:55:37.531" level="INFO">${text} = a#8(492quN</msg>
<status status="PASS" starttime="20231114 17:55:37.335" endtime="20231114 17:55:37.532"/>
</kw>
<kw name="Get Element Form Item By Name" library="common">
<var>${element}</var>
<arg>${name}</arg>
<arg>//input[contains(@class, "ant-input")]</arg>
<msg timestamp="20231114 17:55:37.534" level="INFO">${element} = xpath=//*[contains(@class, "ant-form-item-label")]/label[text()="Xác nhận mật khẩu"]/../../*[contains(@class, "ant-form-item")]//input[contains(@class, "ant-input")]</msg>
<status status="PASS" starttime="20231114 17:55:37.533" endtime="20231114 17:55:37.535"/>
</kw>
<kw name="Clear Text" library="Browser">
<arg>${element}</arg>
<tag>PageContent</tag>
<tag>Setter</tag>
<doc>Clears the text field found by ``selector``.</doc>
<status status="PASS" starttime="20231114 17:55:37.536" endtime="20231114 17:55:37.613"/>
</kw>
<kw name="Fill Text" library="Browser">
<arg>${element}</arg>
<arg>${text}</arg>
<arg>True</arg>
<tag>PageContent</tag>
<tag>Setter</tag>
<doc>Clears and fills the given ``txt`` into the text field found by ``selector``.</doc>
<msg timestamp="20231114 17:55:37.616" level="INFO">Fills the text 'a#8(492quN' in the given field.</msg>
<status status="PASS" starttime="20231114 17:55:37.614" endtime="20231114 17:55:37.672"/>
</kw>
<kw name="Get Length" library="BuiltIn">
<var>${cnt}</var>
<arg>${text}</arg>
<doc>Returns and logs the length of the given item as an integer.</doc>
<msg timestamp="20231114 17:55:37.675" level="INFO">Length is 10</msg>
<msg timestamp="20231114 17:55:37.675" level="INFO">${cnt} = 10</msg>
<status status="PASS" starttime="20231114 17:55:37.673" endtime="20231114 17:55:37.676"/>
</kw>
<if>
<branch type="IF" condition="${cnt} &gt; 0">
<kw name="Set Global Variable" library="BuiltIn">
<arg>${STATE["${name}"]}</arg>
<arg>${text}</arg>
<doc>Makes a variable available globally in all tests and suites.</doc>
<msg timestamp="20231114 17:55:37.681" level="INFO">${STATE["Xác nhận mật khẩu"]} = a#8(492quN</msg>
<status status="PASS" starttime="20231114 17:55:37.679" endtime="20231114 17:55:37.681"/>
</kw>
<status status="PASS" starttime="20231114 17:55:37.677" endtime="20231114 17:55:37.682"/>
</branch>
<status status="PASS" starttime="20231114 17:55:37.677" endtime="20231114 17:55:37.683"/>
</if>
<status status="PASS" starttime="20231114 17:55:37.333" endtime="20231114 17:55:37.683"/>
</kw>
<kw name="When Click on eye icon in &quot;Xác nhận mật khẩu&quot; field" library="common" sourcename="Click on eye icon in &quot;${name}&quot; field">
<kw name="Get Element" library="Browser">
<var>${element}</var>
<arg>//*[contains(@class, "ant-form-item-label")]/label[text()="${name}"]/../../*[contains(@class, "ant-form-item")]//input//ancestor::div[contains(@class, 'relative ng-star-inserted')]</arg>
<tag>Getter</tag>
<tag>PageContent</tag>
<doc>Returns a reference to a Playwright [https://playwright.dev/docs/api/class-locator|Locator].</doc>
<msg timestamp="20231114 17:55:37.754" level="INFO">Locator found successfully.</msg>
<msg timestamp="20231114 17:55:37.755" level="INFO">${element} = //*[contains(@class, "ant-form-item-label")]/label[text()="Xác nhận mật khẩu"]/../../*[contains(@class, "ant-form-item")]//input//ancestor::div[contains(@class, 'relative ng-star-inserted')]</msg>
<status status="PASS" starttime="20231114 17:55:37.736" endtime="20231114 17:55:37.756"/>
</kw>
<kw name="Click" library="Browser">
<arg>xpath=${element}/i[contains(@class, "la-eye-slash")]</arg>
<tag>PageContent</tag>
<tag>Setter</tag>
<doc>Simulates mouse click on the element found by ``selector``.</doc>
<status status="PASS" starttime="20231114 17:55:37.757" endtime="20231114 17:55:37.863"/>
</kw>
<status status="PASS" starttime="20231114 17:55:37.735" endtime="20231114 17:55:37.864"/>
</kw>
<kw name="Then The hidden password in &quot;Xác nhận mật khẩu&quot; field should be visibled as &quot;_@Xác nhận mật khẩu@_&quot;" library="common" sourcename="The hidden password in &quot;${name}&quot; field should be visibled as &quot;${text}&quot;">
<kw name="Check Text" library="common">
<var>${text}</var>
<arg>${text}</arg>
<kw name="Get Regexp Matches" library="String">
<var>${containsS}</var>
<arg>${text}</arg>
<arg>_@(.+)@_</arg>
<arg>1</arg>
<doc>Returns a list of all non-overlapping matches in the given string.</doc>
<msg timestamp="20231114 17:55:37.871" level="INFO">${containsS} = ['Xác nhận mật khẩu']</msg>
<status status="PASS" starttime="20231114 17:55:37.870" endtime="20231114 17:55:37.872"/>
</kw>
<kw name="Get Length" library="BuiltIn">
<var>${cntS}</var>
<arg>${containsS}</arg>
<doc>Returns and logs the length of the given item as an integer.</doc>
<msg timestamp="20231114 17:55:37.874" level="INFO">Length is 1</msg>
<msg timestamp="20231114 17:55:37.875" level="INFO">${cntS} = 1</msg>
<status status="PASS" starttime="20231114 17:55:37.873" endtime="20231114 17:55:37.876"/>
</kw>
<if>
<branch type="IF" condition="${cntS} &gt; 0">
<kw name="Set Variable" library="BuiltIn">
<var>${text}</var>
<arg>${STATE["${containsS[0]}"]}</arg>
<doc>Returns the given values which can then be assigned to a variables.</doc>
<msg timestamp="20231114 17:55:37.879" level="INFO">${text} = a#8(492quN</msg>
<status status="PASS" starttime="20231114 17:55:37.877" endtime="20231114 17:55:37.879"/>
</kw>
<status status="PASS" starttime="20231114 17:55:37.876" endtime="20231114 17:55:37.880"/>
</branch>
<status status="PASS" starttime="20231114 17:55:37.876" endtime="20231114 17:55:37.881"/>
</if>
<msg timestamp="20231114 17:55:37.883" level="INFO">${text} = a#8(492quN</msg>
<status status="PASS" starttime="20231114 17:55:37.869" endtime="20231114 17:55:37.883"/>
</kw>
<kw name="Get Element" library="Browser">
<var>${element}</var>
<arg>//*[contains(@class, "ant-form-item-label")]/label[text()="${name}"]/../../*[contains(@class, "ant-form-item")]//input</arg>
<tag>Getter</tag>
<tag>PageContent</tag>
<doc>Returns a reference to a Playwright [https://playwright.dev/docs/api/class-locator|Locator].</doc>
<msg timestamp="20231114 17:55:37.902" level="INFO">Locator found successfully.</msg>
<msg timestamp="20231114 17:55:37.903" level="INFO">${element} = //*[contains(@class, "ant-form-item-label")]/label[text()="Xác nhận mật khẩu"]/../../*[contains(@class, "ant-form-item")]//input</msg>
<status status="PASS" starttime="20231114 17:55:37.885" endtime="20231114 17:55:37.903"/>
</kw>
<kw name="Get Property" library="Browser">
<arg>${element}</arg>
<arg>type</arg>
<arg>==</arg>
<arg>text</arg>
<tag>Assertion</tag>
<tag>Getter</tag>
<tag>PageContent</tag>
<doc>Returns the ``property`` of the element found by ``selector``.</doc>
<msg timestamp="20231114 17:55:37.947" level="INFO">Property: 'text'</msg>
<status status="PASS" starttime="20231114 17:55:37.905" endtime="20231114 17:55:37.947"/>
</kw>
<kw name="Get Text" library="Browser">
<arg>${element}</arg>
<arg>equal</arg>
<arg>${text}</arg>
<tag>Assertion</tag>
<tag>Getter</tag>
<tag>PageContent</tag>
<doc>Returns text attribute of the element found by ``selector``.</doc>
<msg timestamp="20231114 17:55:37.993" level="INFO">Text: 'a#8(492quN'</msg>
<status status="PASS" starttime="20231114 17:55:37.949" endtime="20231114 17:55:37.994"/>
</kw>
<status status="PASS" starttime="20231114 17:55:37.867" endtime="20231114 17:55:37.994"/>
</kw>
<kw name="When Click &quot;Đóng lại&quot; button" library="common" sourcename="Click &quot;${text}&quot; button">
<kw name="Click" library="Browser">
<arg>xpath=//button[@title = "${text}"]</arg>
<tag>PageContent</tag>
<tag>Setter</tag>
<doc>Simulates mouse click on the element found by ``selector``.</doc>
<status status="PASS" starttime="20231114 17:55:38.000" endtime="20231114 17:55:38.832"/>
</kw>
<kw name="Click Confirm To Action" library="common">
<kw name="Set Variable" library="BuiltIn">
<var>${element}</var>
<arg>xpath=//*[contains(@class, "ant-popover")]//*[contains(@class, "ant-btn-primary")]</arg>
<doc>Returns the given values which can then be assigned to a variables.</doc>
<msg timestamp="20231114 17:55:38.834" level="INFO">${element} = xpath=//*[contains(@class, "ant-popover")]//*[contains(@class, "ant-btn-primary")]</msg>
<status status="PASS" starttime="20231114 17:55:38.834" endtime="20231114 17:55:38.835"/>
</kw>
<kw name="Get Element Count" library="Browser">
<var>${count}</var>
<arg>${element}</arg>
<tag>Assertion</tag>
<tag>Getter</tag>
<tag>PageContent</tag>
<doc>Returns the count of elements found with ``selector``.</doc>
<msg timestamp="20231114 17:55:38.859" level="INFO">${count} = 0</msg>
<status status="PASS" starttime="20231114 17:55:38.836" endtime="20231114 17:55:38.859"/>
</kw>
<if>
<branch type="IF" condition="${count} &gt; 0">
<kw name="Click" library="Browser">
<arg>${element}</arg>
<tag>PageContent</tag>
<tag>Setter</tag>
<doc>Simulates mouse click on the element found by ``selector``.</doc>
<status status="NOT RUN" starttime="20231114 17:55:38.862" endtime="20231114 17:55:38.862"/>
</kw>
<kw name="Sleep" library="BuiltIn">
<arg>${SHOULD_TIMEOUT}</arg>
<doc>Pauses the test executed for the given time.</doc>
<status status="NOT RUN" starttime="20231114 17:55:38.863" endtime="20231114 17:55:38.864"/>
</kw>
<status status="NOT RUN" starttime="20231114 17:55:38.860" endtime="20231114 17:55:38.864"/>
</branch>
<status status="PASS" starttime="20231114 17:55:38.860" endtime="20231114 17:55:38.865"/>
</if>
<status status="PASS" starttime="20231114 17:55:38.832" endtime="20231114 17:55:38.865"/>
</kw>
<kw name="Scroll By" library="Browser">
<arg>${None}</arg>
<tag>PageContent</tag>
<tag>Setter</tag>
<doc>Scrolls an element or the page relative from current position by the given values.</doc>
<msg timestamp="20231114 17:55:38.893" level="INFO">JavaScript executed successfully.</msg>
<msg timestamp="20231114 17:55:38.893" level="INFO">JavaScript executed successfully.</msg>
<msg timestamp="20231114 17:55:38.926" level="INFO">JavaScript executed successfully.</msg>
<msg timestamp="20231114 17:55:38.926" level="INFO">JavaScript executed successfully.</msg>
<msg timestamp="20231114 17:55:38.934" level="INFO">JavaScript executed successfully.</msg>
<status status="PASS" starttime="20231114 17:55:38.866" endtime="20231114 17:55:38.934"/>
</kw>
<status status="PASS" starttime="20231114 17:55:37.998" endtime="20231114 17:55:38.935"/>
</kw>
<kw name="When Click on the &quot;Xóa&quot; button in the &quot;_@Họ và tên@_&quot; table line" library="common" sourcename="Click on the &quot;${text}&quot; button in the &quot;${name}&quot; table line">
<kw name="Wait Until Element Spin" library="common">
<kw name="Sleep" library="BuiltIn">
<arg>${SHOULD_TIMEOUT}</arg>
<doc>Pauses the test executed for the given time.</doc>
<msg timestamp="20231114 17:55:39.045" level="INFO">Slept 100 milliseconds</msg>
<status status="PASS" starttime="20231114 17:55:38.943" endtime="20231114 17:55:39.045"/>
</kw>
<kw name="Set Variable" library="BuiltIn">
<var>${element}</var>
<arg>xpath=//*[contains(@class, "ant-spin-spinning")]</arg>
<doc>Returns the given values which can then be assigned to a variables.</doc>
<msg timestamp="20231114 17:55:39.046" level="INFO">${element} = xpath=//*[contains(@class, "ant-spin-spinning")]</msg>
<status status="PASS" starttime="20231114 17:55:39.046" endtime="20231114 17:55:39.046"/>
</kw>
<kw name="Get Element Count" library="Browser">
<var>${count}</var>
<arg>${element}</arg>
<tag>Assertion</tag>
<tag>Getter</tag>
<tag>PageContent</tag>
<doc>Returns the count of elements found with ``selector``.</doc>
<msg timestamp="20231114 17:55:39.058" level="INFO">${count} = 0</msg>
<status status="PASS" starttime="20231114 17:55:39.047" endtime="20231114 17:55:39.058"/>
</kw>
<if>
<branch type="IF" condition="${count} &gt; 0">
<kw name="Wait Until Page Does Not Contain Element" library="common">
<arg>${element}</arg>
<status status="NOT RUN" starttime="20231114 17:55:39.060" endtime="20231114 17:55:39.061"/>
</kw>
<status status="NOT RUN" starttime="20231114 17:55:39.059" endtime="20231114 17:55:39.061"/>
</branch>
<status status="PASS" starttime="20231114 17:55:39.059" endtime="20231114 17:55:39.062"/>
</if>
<status status="PASS" starttime="20231114 17:55:38.942" endtime="20231114 17:55:39.062"/>
</kw>
<kw name="Check Text" library="common">
<var>${name}</var>
<arg>${name}</arg>
<kw name="Get Regexp Matches" library="String">
<var>${containsS}</var>
<arg>${text}</arg>
<arg>_@(.+)@_</arg>
<arg>1</arg>
<doc>Returns a list of all non-overlapping matches in the given string.</doc>
<msg timestamp="20231114 17:55:39.066" level="INFO">${containsS} = ['Họ và tên']</msg>
<status status="PASS" starttime="20231114 17:55:39.065" endtime="20231114 17:55:39.067"/>
</kw>
<kw name="Get Length" library="BuiltIn">
<var>${cntS}</var>
<arg>${containsS}</arg>
<doc>Returns and logs the length of the given item as an integer.</doc>
<msg timestamp="20231114 17:55:39.068" level="INFO">Length is 1</msg>
<msg timestamp="20231114 17:55:39.069" level="INFO">${cntS} = 1</msg>
<status status="PASS" starttime="20231114 17:55:39.067" endtime="20231114 17:55:39.069"/>
</kw>
<if>
<branch type="IF" condition="${cntS} &gt; 0">
<kw name="Set Variable" library="BuiltIn">
<var>${text}</var>
<arg>${STATE["${containsS[0]}"]}</arg>
<doc>Returns the given values which can then be assigned to a variables.</doc>
<msg timestamp="20231114 17:55:39.074" level="INFO">${text} = IA_41 Illum facilis blanditiis.</msg>
<status status="PASS" starttime="20231114 17:55:39.072" endtime="20231114 17:55:39.075"/>
</kw>
<status status="PASS" starttime="20231114 17:55:39.070" endtime="20231114 17:55:39.075"/>
</branch>
<status status="PASS" starttime="20231114 17:55:39.070" endtime="20231114 17:55:39.076"/>
</if>
<msg timestamp="20231114 17:55:39.077" level="INFO">${name} = IA_41 Illum facilis blanditiis.</msg>
<status status="PASS" starttime="20231114 17:55:39.063" endtime="20231114 17:55:39.078"/>
</kw>
<if>
<branch type="IF" condition="'${text}' == 'Chi tiết'">
<kw name="Get Element Table Item By Name" library="common">
<var>${element1}</var>
<arg>${name}</arg>
<arg>//button[@title = "${text}"]</arg>
<status status="NOT RUN" starttime="20231114 17:55:39.082" endtime="20231114 17:55:39.083"/>
</kw>
<kw name="Get Element Count" library="Browser">
<var>${count}</var>
<arg>${element1}</arg>
<tag>Assertion</tag>
<tag>Getter</tag>
<tag>PageContent</tag>
<doc>Returns the count of elements found with ``selector``.</doc>
<status status="NOT RUN" starttime="20231114 17:55:39.084" endtime="20231114 17:55:39.084"/>
</kw>
<if>
<branch type="IF" condition="${count} &gt; 0">
<kw name="Click" library="Browser">
<arg>${element1}</arg>
<tag>PageContent</tag>
<tag>Setter</tag>
<doc>Simulates mouse click on the element found by ``selector``.</doc>
<status status="NOT RUN" starttime="20231114 17:55:39.087" endtime="20231114 17:55:39.088"/>
</kw>
<status status="NOT RUN" starttime="20231114 17:55:39.085" endtime="20231114 17:55:39.089"/>
</branch>
<branch type="ELSE">
<kw name="Get Element Table Item By Name" library="common">
<var>${elementS}</var>
<arg>${name}</arg>
<arg>//p[contains(text(),"${name}")]</arg>
<status status="NOT RUN" starttime="20231114 17:55:39.091" endtime="20231114 17:55:39.092"/>
</kw>
<kw name="Click" library="Browser">
<arg>${elementS}</arg>
<tag>PageContent</tag>
<tag>Setter</tag>
<doc>Simulates mouse click on the element found by ``selector``.</doc>
<status status="NOT RUN" starttime="20231114 17:55:39.093" endtime="20231114 17:55:39.094"/>
</kw>
<status status="NOT RUN" starttime="20231114 17:55:39.090" endtime="20231114 17:55:39.094"/>
</branch>
<status status="NOT RUN" starttime="20231114 17:55:39.085" endtime="20231114 17:55:39.095"/>
</if>
<status status="NOT RUN" starttime="20231114 17:55:39.080" endtime="20231114 17:55:39.096"/>
</branch>
<branch type="ELSE">
<kw name="Get Element Table Item By Name" library="common">
<var>${element}</var>
<arg>${name}</arg>
<arg>//button[@title = "${text}"]</arg>
<msg timestamp="20231114 17:55:39.099" level="INFO">${element} = xpath=//*[contains(@class, "ant-table-row")]//*[contains(text(), "IA_41 Illum facilis blanditiis.")]/ancestor::tr//button[@title = "Xóa"]</msg>
<status status="PASS" starttime="20231114 17:55:39.098" endtime="20231114 17:55:39.100"/>
</kw>
<kw name="Click" library="Browser">
<arg>${element}</arg>
<tag>PageContent</tag>
<tag>Setter</tag>
<doc>Simulates mouse click on the element found by ``selector``.</doc>
<status status="PASS" starttime="20231114 17:55:39.100" endtime="20231114 17:55:39.241"/>
</kw>
<status status="PASS" starttime="20231114 17:55:39.097" endtime="20231114 17:55:39.242"/>
</branch>
<status status="PASS" starttime="20231114 17:55:39.079" endtime="20231114 17:55:39.243"/>
</if>
<kw name="Click Confirm To Action" library="common">
<kw name="Set Variable" library="BuiltIn">
<var>${element}</var>
<arg>xpath=//*[contains(@class, "ant-popover")]//*[contains(@class, "ant-btn-primary")]</arg>
<doc>Returns the given values which can then be assigned to a variables.</doc>
<msg timestamp="20231114 17:55:39.246" level="INFO">${element} = xpath=//*[contains(@class, "ant-popover")]//*[contains(@class, "ant-btn-primary")]</msg>
<status status="PASS" starttime="20231114 17:55:39.244" endtime="20231114 17:55:39.246"/>
</kw>
<kw name="Get Element Count" library="Browser">
<var>${count}</var>
<arg>${element}</arg>
<tag>Assertion</tag>
<tag>Getter</tag>
<tag>PageContent</tag>
<doc>Returns the count of elements found with ``selector``.</doc>
<msg timestamp="20231114 17:55:39.261" level="INFO">${count} = 1</msg>
<status status="PASS" starttime="20231114 17:55:39.247" endtime="20231114 17:55:39.261"/>
</kw>
<if>
<branch type="IF" condition="${count} &gt; 0">
<kw name="Click" library="Browser">
<arg>${element}</arg>
<tag>PageContent</tag>
<tag>Setter</tag>
<doc>Simulates mouse click on the element found by ``selector``.</doc>
<status status="PASS" starttime="20231114 17:55:39.263" endtime="20231114 17:55:39.563"/>
</kw>
<kw name="Sleep" library="BuiltIn">
<arg>${SHOULD_TIMEOUT}</arg>
<doc>Pauses the test executed for the given time.</doc>
<msg timestamp="20231114 17:55:39.665" level="INFO">Slept 100 milliseconds</msg>
<status status="PASS" starttime="20231114 17:55:39.564" endtime="20231114 17:55:39.665"/>
</kw>
<status status="PASS" starttime="20231114 17:55:39.262" endtime="20231114 17:55:39.666"/>
</branch>
<status status="PASS" starttime="20231114 17:55:39.262" endtime="20231114 17:55:39.667"/>
</if>
<status status="PASS" starttime="20231114 17:55:39.243" endtime="20231114 17:55:39.667"/>
</kw>
<status status="PASS" starttime="20231114 17:55:38.941" endtime="20231114 17:55:39.668"/>
</kw>
<kw name="Tear Down" library="common" type="TEARDOWN">
<kw name="Close Browser" library="Browser">
<arg>ALL</arg>
<tag>BrowserControl</tag>
<tag>Setter</tag>
<doc>Closes the current browser.</doc>
<msg timestamp="20231114 17:55:40.565" level="INFO">Closed all browsers</msg>
<status status="PASS" starttime="20231114 17:55:39.673" endtime="20231114 17:55:40.566"/>
</kw>
<status status="PASS" starttime="20231114 17:55:39.671" endtime="20231114 17:55:40.566"/>
</kw>
<tag>ChangePassword</tag>
<status status="PASS" starttime="20231114 17:55:23.180" endtime="20231114 17:55:40.568"/>
</test>
<status status="PASS" starttime="20231114 17:55:20.600" endtime="20231114 17:55:40.629"/>
</suite>
<statistics>
<total>
<stat pass="1" fail="0" skip="0">All Tests</stat>
</total>
<tag>
<stat pass="1" fail="0" skip="0">ChangePassword</stat>
</tag>
<suite>
<stat pass="1" fail="0" skip="0" id="s1" name="Internal Account">Internal Account</stat>
</suite>
</statistics>
<errors>
</errors>
</robot>
